INFO-FLOW: Workspace C:/Users/FLASHCOPIE/Desktop/Projet_sobel_lena/hls_lena/hls_lena/hls2/solution1 opened at Fri May 31 10:16:36 +0200 2019
Execute     config_clock -quiet -name default -period 10 -default=false 
INFO: [SYN 201-201] Setting up clock 'default' with a period of 10ns.
Execute     config_clock -quiet -name default -uncertainty 1.25 
INFO: [SYN 201-201] Setting up clock 'default' with an uncertainty of 1.25ns.
Execute     open_platform DefaultPlatform 
Execute     import_lib D:/Xilinx/Vivado/2018.3/common/technology/xilinx/zynq/zynq 
Execute       source D:/Xilinx/Vivado/2018.3/common/technology/xilinx/common/xilinx.lib 
Execute         source D:/Xilinx/Vivado/2018.3/common/technology/xilinx/interface/xilinx_interface.lib 
Execute           source D:/Xilinx/Vivado/2018.3/common/technology/xilinx/interface/plb46.lib 
Execute           source D:/Xilinx/Vivado/2018.3/common/technology/xilinx/interface/fsl.lib 
Execute           source D:/Xilinx/Vivado/2018.3/common/technology/xilinx/interface/axi4.lib 
Execute           source D:/Xilinx/Vivado/2018.3/common/technology/xilinx/interface/maxi.lib 
Execute           source D:/Xilinx/Vivado/2018.3/common/technology/xilinx/interface/saxilite.lib 
Execute         source D:/Xilinx/Vivado/2018.3/common/technology/xilinx/common/dsp48.lib 
Execute         source D:/Xilinx/Vivado/2018.3/common/technology/xilinx/ip/dds_compiler.lib 
Execute         source D:/Xilinx/Vivado/2018.3/common/technology/xilinx/ip/xfft.lib 
Execute         source D:/Xilinx/Vivado/2018.3/common/technology/xilinx/ip/xfir.lib 
Execute       source D:/Xilinx/Vivado/2018.3/common/technology/xilinx/common/xilinx_old.lib 
Execute       source D:/Xilinx/Vivado/2018.3/common/technology/xilinx/common/xilinx_vivado.lib 
Execute       source D:/Xilinx/Vivado/2018.3/common/technology/xilinx/common/xilinx.hlp 
Execute         source D:/Xilinx/Vivado/2018.3/common/technology/xilinx/common/target_info.tcl 
Execute         source D:/Xilinx/Vivado/2018.3/common/technology/xilinx/interface/xilinx_interface.hlp 
Execute           source D:/Xilinx/Vivado/2018.3/common/technology/xilinx/interface/maxi.hlp 
Execute           source D:/Xilinx/Vivado/2018.3/common/technology/xilinx/interface/saxilite.hlp 
Execute         source D:/Xilinx/Vivado/2018.3/common/technology/xilinx/common/dsp48.hlp 
Execute       source D:/Xilinx/Vivado/2018.3/common/technology/xilinx/zynq/dsp48e1.hlp 
Execute       get_default_platform 
Execute       config_chip_info -quiet -resource  {SLICE 13300}  {LUT 53200}     {FF 106400} {DSP48E 220}   {BRAM 280}  
Execute       config_chip_info -quiet -speed medium 
Execute       source D:/Xilinx/Vivado/2018.3/common/technology/xilinx/common/xilinx.hlp 
Execute         source D:/Xilinx/Vivado/2018.3/common/technology/xilinx/common/target_info.tcl 
Execute         source D:/Xilinx/Vivado/2018.3/common/technology/xilinx/interface/xilinx_interface.hlp 
Execute           source D:/Xilinx/Vivado/2018.3/common/technology/xilinx/interface/maxi.hlp 
Execute           source D:/Xilinx/Vivado/2018.3/common/technology/xilinx/interface/saxilite.hlp 
Execute         source D:/Xilinx/Vivado/2018.3/common/technology/xilinx/common/dsp48.hlp 
Execute     source D:/Xilinx/Vivado/2018.3/common/technology/xilinx/zynq/zynq.gen 
Execute       source D:/Xilinx/Vivado/2018.3/common/technology/xilinx/common/virtex.gen 
Execute         source D:/Xilinx/Vivado/2018.3/common/technology/xilinx/common/xilinx.gen 
Execute           source D:/Xilinx/Vivado/2018.3/common/technology/xilinx/interface/plb46.gen 
Execute           source D:/Xilinx/Vivado/2018.3/common/technology/xilinx/interface/fsl.gen 
Execute           source D:/Xilinx/Vivado/2018.3/common/technology/xilinx/interface/axi4.gen 
Execute           source D:/Xilinx/Vivado/2018.3/common/technology/xilinx/interface/nativeAXI4.gen 
Execute             source D:/Xilinx/Vivado/2018.3/common/technology/xilinx/interface/saxilite.gen 
Execute             source D:/Xilinx/Vivado/2018.3/common/technology/xilinx/interface/maxi.gen 
Execute           source D:/Xilinx/Vivado/2018.3/common/technology/xilinx/scripts/xilinxcoregen.gen 
Execute           source D:/Xilinx/Vivado/2018.3/common/technology/xilinx/interface/XilEDKCoreGen.gen 
Execute           source D:/Xilinx/Vivado/2018.3/common/technology/xilinx/ip/dds_compiler.gen 
Execute           source D:/Xilinx/Vivado/2018.3/common/technology/xilinx/ip/util.gen 
Execute           source D:/Xilinx/Vivado/2018.3/common/technology/xilinx/ip/xfft.gen 
Command           ap_source done; 0.148 sec.
Execute           source D:/Xilinx/Vivado/2018.3/common/technology/xilinx/ip/xfir.gen 
Command         ap_source done; 0.208 sec.
Execute         source D:/Xilinx/Vivado/2018.3/common/technology/xilinx/common/dsp48.gen 
Command       ap_source done; 0.212 sec.
Command     ap_source done; 0.212 sec.
Execute     open_platform DefaultPlatform 
Execute     import_lib D:/Xilinx/Vivado/2018.3/common/technology/xilinx/zynq/zynq_fpv6 
Execute       source D:/Xilinx/Vivado/2018.3/common/technology/xilinx/common/xilinx_fpv7.lib 
Execute         source D:/Xilinx/Vivado/2018.3/common/technology/xilinx/common/xilinx_hp.lib 
Execute       source D:/Xilinx/Vivado/2018.3/common/technology/xilinx/common/xilinx_fpv.hlp 
Execute         source D:/Xilinx/Vivado/2018.3/common/technology/xilinx/common/xilinx.hlp 
Execute           source D:/Xilinx/Vivado/2018.3/common/technology/xilinx/common/target_info.tcl 
Execute           source D:/Xilinx/Vivado/2018.3/common/technology/xilinx/interface/xilinx_interface.hlp 
Execute             source D:/Xilinx/Vivado/2018.3/common/technology/xilinx/interface/maxi.hlp 
Execute             source D:/Xilinx/Vivado/2018.3/common/technology/xilinx/interface/saxilite.hlp 
Execute           source D:/Xilinx/Vivado/2018.3/common/technology/xilinx/common/dsp48.hlp 
Execute       source D:/Xilinx/Vivado/2018.3/common/technology/xilinx/zynq/zynq_hp.hlp 
Execute     source D:/Xilinx/Vivado/2018.3/common/technology/xilinx/zynq/zynq_fpv6.gen 
Execute       source D:/Xilinx/Vivado/2018.3/common/technology/xilinx/common/xilinx_fpv6.gen 
Execute     set_part xc7z020clg484-1 
Execute       add_library xilinx/zynq/zynq:xc7z020:clg484:-1 
Execute         get_default_platform 
Execute         license_isbetapart xc7z020 
Command         license_isbetapart done; error code: 1; 
Execute         get_default_platform 
Execute         config_chip_info -quiet -resource  {SLICE 13300}  {LUT 53200}     {FF 106400} {DSP48E 220}   {BRAM 280}  
Execute         config_chip_info -quiet -speed slow 
Execute       add_library xilinx/zynq/zynq_fpv6 
Execute         get_default_platform 
INFO: [HLS 200-10] Setting target device to 'xc7z020clg484-1'
Execute       get_default_platform 
Execute     get_default_platform 
Execute     config_chip_info -quiet -resource  {SLICE 13300}  {LUT 53200}     {FF 106400} {DSP48E 220}   {BRAM 280}  
Execute     config_chip_info -quiet -speed slow 
Execute     config_export -format=ip_catalog 
Execute     config_export -rtl=vhdl 
Command   open_solution done; 0.445 sec.
Execute   set_part xc7z020clg484-1 -tool vivado 
Execute     add_library xilinx/zynq/zynq:xc7z020:clg484:-1 
Execute       get_default_platform 
Execute       license_isbetapart xc7z020 
Command       license_isbetapart done; error code: 1; 
Execute       get_default_platform 
Execute       config_chip_info -quiet -resource  {SLICE 13300}  {LUT 53200}     {FF 106400} {DSP48E 220}   {BRAM 280}  
Execute       config_chip_info -quiet -speed slow 
Execute     add_library xilinx/zynq/zynq_fpv6 
Execute       get_default_platform 
Execute     get_default_platform 
Execute   create_clock -period 10 -name default 
Execute     config_clock -quiet -name default -period 10 -default=false 
INFO: [SYN 201-201] Setting up clock 'default' with a period of 10ns.
Execute   config_export -format ip_catalog -rtl vhdl 
Execute   set_clock_uncertainty 1.25 
Execute   source ./hls2/solution1/directives.tcl 
Execute     set_directive_interface -mode s_axilite sobel 
INFO-FLOW: Setting directive 'INTERFACE' s_axilite=positionBoolean0mode port=positionBooleanTextRequiredreturn 
Execute   csynth_design 
Execute     get_config_compile -effort 
Execute     get_config_compile -enable_clang39 
Execute     get_config_compile -g 
Execute     get_config_compile -lm 
Execute     get_config_compile -ng 
Execute     get_config_compile -opt_fp 
Execute     get_config_compile -skip_cdt 
Execute     get_config_compile -skip_syncheck 
Execute     get_config_compile -skip_transform 
Execute     config_compile -blackbox  
Execute     get_config_compile -keep_printf 
Execute     elaborate -effort=medium -skip_syncheck=0 -keep_printf=0 -lm=0 -skip_cdt=0 -skip_transform=0 -ng=0 -g=0 -opt_fp=0 -from_csynth_design=1 
Execute       get_config_schedule -relax_ii_for_timing 
INFO: [SCHED 204-61] Option 'relax_ii_for_timing' is enabled, will increase II to preserve clock frequency constraints.
Execute       get_config_schedule -suppress_dependence_error_break 
INFO: [HLS 200-10] Analyzing design file 'sobel.cpp' ... 
INFO-FLOW: Compiling one TU...
Execute       is_m_axi_addr64 
INFO-FLOW: Handling sobel.cpp as C++
Execute       get_default_platform 
Execute       is_encrypted sobel.cpp 
Execute       get_default_platform 
INFO-FLOW: Running: GCC PP
INFO-FLOW: Source preprocessing
Execute       clang  -fno-limit-debug-info -gcc-toolchain "D:/Xilinx/Vivado/2018.3/msys" -hls  -fno-exceptions  -D__llvm__  -E "sobel.cpp"     -fno-math-errno -c -emit-llvm -O0  -mllvm -disable-llvm-optzns -fno-threadsafe-statics  -fno-use-cxa-atexit  -fno-threadsafe-statics -fno-use-cxa-atexit -D__CLANG_3_1__ -D__cdecl= -DAESL_SYN -D__SYNTHESIS__ -D__HLS_SYN__ -I "D:/Xilinx/Vivado/2018.3/common/technology/autopilot" -I "D:/Xilinx/Vivado/2018.3/common/technology/autopilot/ap_sysc" -include etc/autopilot_ssdm_op.h -D__DSP48E1__  -o "C:/Users/FLASHCOPIE/Desktop/Projet_sobel_lena/hls_lena/hls_lena/hls2/solution1/.autopilot/db/sobel.pp.0.cpp" 
INFO-FLOW: exec D:/Xilinx/Vivado/2018.3/win64/tools/clang/bin/clang -fno-limit-debug-info -gcc-toolchain D:/Xilinx/Vivado/2018.3/msys -hls -fno-exceptions -D__llvm__ -E sobel.cpp -fno-math-errno -c -emit-llvm -O0 -mllvm -disable-llvm-optzns -fno-threadsafe-statics -fno-use-cxa-atexit -fno-threadsafe-statics -fno-use-cxa-atexit -D__CLANG_3_1__ -D__cdecl= -DAESL_SYN -D__SYNTHESIS__ -D__HLS_SYN__ -I D:/Xilinx/Vivado/2018.3/common/technology/autopilot -I D:/Xilinx/Vivado/2018.3/common/technology/autopilot/ap_sysc -include etc/autopilot_ssdm_op.h -D__DSP48E1__ -o C:/Users/FLASHCOPIE/Desktop/Projet_sobel_lena/hls_lena/hls_lena/hls2/solution1/.autopilot/db/sobel.pp.0.cpp
Command       clang done; 1.84 sec.
Execute       tidy_31 xilinx-xfmat-array-geometry C:/Users/FLASHCOPIE/Desktop/Projet_sobel_lena/hls_lena/hls_lena/hls2/solution1/.autopilot/db/sobel.pp.0.cpp std=gnu++98 
INFO-FLOW: exec D:/Xilinx/Vivado/2018.3/win64/tools/clang-3.9-csynth/bin/tidy-3.1 -header-filter=.* -checks=-*,xilinx-xfmat-array-geometry -quiet -fix C:/Users/FLASHCOPIE/Desktop/Projet_sobel_lena/hls_lena/hls_lena/hls2/solution1/.autopilot/db/sobel.pp.0.cpp -- -std=gnu++98 -fhls -ferror-limit=0
Command       tidy_31 done; 0.802 sec.
INFO-FLOW: Syntax Checking before pre-processing...
Execute       clang -syntaxcheck -src C:/Users/FLASHCOPIE/Desktop/Projet_sobel_lena/hls_lena/hls_lena/hls2/solution1/.autopilot/db/sobel.pp.0.cpp  -fno-limit-debug-info -gcc-toolchain "D:/Xilinx/Vivado/2018.3/msys" -hls    -fno-math-errno -c -emit-llvm -O0  -mllvm -disable-llvm-optzns -fno-threadsafe-statics  -fno-use-cxa-atexit  -fno-threadsafe-statics -fno-use-cxa-atexit -D__CLANG_3_1__ -D__cdecl= -DAESL_SYN -D__SYNTHESIS__ -D__HLS_SYN__ -I "D:/Xilinx/Vivado/2018.3/common/technology/autopilot" -I "D:/Xilinx/Vivado/2018.3/common/technology/autopilot/ap_sysc" -include etc/autopilot_ssdm_op.h -D__DSP48E1__  "C:/Users/FLASHCOPIE/Desktop/Projet_sobel_lena/hls_lena/hls_lena/hls2/solution1/.autopilot/db/sobel.pp.0.cpp"  -o "C:/Users/FLASHCOPIE/Desktop/Projet_sobel_lena/hls_lena/hls_lena/hls2/solution1/.autopilot/db/useless.bc"  
INFO-FLOW: exec D:/Xilinx/Vivado/2018.3/win64/tools/clang/bin/clang -fno-limit-debug-info -gcc-toolchain D:/Xilinx/Vivado/2018.3/msys -hls -fno-math-errno -c -emit-llvm -O0 -mllvm -disable-llvm-optzns -fno-threadsafe-statics -fno-use-cxa-atexit -fno-threadsafe-statics -fno-use-cxa-atexit -D__CLANG_3_1__ -D__cdecl= -DAESL_SYN -D__SYNTHESIS__ -D__HLS_SYN__ -I D:/Xilinx/Vivado/2018.3/common/technology/autopilot -I D:/Xilinx/Vivado/2018.3/common/technology/autopilot/ap_sysc -include etc/autopilot_ssdm_op.h -D__DSP48E1__ C:/Users/FLASHCOPIE/Desktop/Projet_sobel_lena/hls_lena/hls_lena/hls2/solution1/.autopilot/db/sobel.pp.0.cpp -o C:/Users/FLASHCOPIE/Desktop/Projet_sobel_lena/hls_lena/hls_lena/hls2/solution1/.autopilot/db/useless.bc
Command       clang done; 1.956 sec.
INFO-FLOW: Done: GCC PP time: 4.6 seconds per iteration
INFO-FLOW: Setting directive 'INTERFACE' s_axilite=positionBoolean0mode port=positionBooleanTextRequiredreturn 
INFO-FLOW: Setting directive 'INTERFACE' s_axilite=positionBoolean0mode port=positionBooleanTextRequiredreturn 
Execute       list_core -type functional_unit 
Execute       tidy_31 xilinx-systemc-detector C:/Users/FLASHCOPIE/Desktop/Projet_sobel_lena/hls_lena/hls_lena/hls2/solution1/.autopilot/db/sobel.pp.0.cpp std=gnu++98 -directive=C:/Users/FLASHCOPIE/Desktop/Projet_sobel_lena/hls_lena/hls_lena/hls2/solution1/.autopilot/db/.systemc_flag 
INFO-FLOW: exec D:/Xilinx/Vivado/2018.3/win64/tools/clang-3.9-csynth/bin/tidy-3.1 -header-filter=.* -checks=-*,xilinx-systemc-detector -import-directive=C:/Users/FLASHCOPIE/Desktop/Projet_sobel_lena/hls_lena/hls_lena/hls2/solution1/.autopilot/db/.systemc_flag -quiet -fix-errors C:/Users/FLASHCOPIE/Desktop/Projet_sobel_lena/hls_lena/hls_lena/hls2/solution1/.autopilot/db/sobel.pp.0.cpp -- -std=gnu++98 -fhls -ferror-limit=0
Command       tidy_31 done; 0.75 sec.
INFO-FLOW: Running: tidy-3.1 CDT preprocess
Execute       tidy_31 xilinx-directive2pragma C:/Users/FLASHCOPIE/Desktop/Projet_sobel_lena/hls_lena/hls_lena/hls2/solution1/.autopilot/db/sobel.pp.0.cpp std=gnu++98 -directive=C:/Users/FLASHCOPIE/Desktop/Projet_sobel_lena/hls_lena/hls_lena/hls2/solution1/.autopilot/db/all.directive.json 
INFO-FLOW: exec D:/Xilinx/Vivado/2018.3/win64/tools/clang-3.9-csynth/bin/tidy-3.1 -header-filter=.* -checks=-*,xilinx-directive2pragma -import-directive=C:/Users/FLASHCOPIE/Desktop/Projet_sobel_lena/hls_lena/hls_lena/hls2/solution1/.autopilot/db/all.directive.json -quiet -fix-errors C:/Users/FLASHCOPIE/Desktop/Projet_sobel_lena/hls_lena/hls_lena/hls2/solution1/.autopilot/db/sobel.pp.0.cpp -- -std=gnu++98 -fhls -ferror-limit=0
Command       tidy_31 done; 1.258 sec.
Execute       get_config_dataflow -strict_mode 
Execute       ap_eval exec -ignorestderr D:/Xilinx/Vivado/2018.3/win64/tools/clang-3.9-csynth/bin/xilinx-dataflow-lawyer -export-fixes=C:/Users/FLASHCOPIE/Desktop/Projet_sobel_lena/hls_lena/hls_lena/hls2/solution1/.autopilot/db/xilinx-dataflow-lawyer.sobel.pp.0.cpp.diag.yml C:/Users/FLASHCOPIE/Desktop/Projet_sobel_lena/hls_lena/hls_lena/hls2/solution1/.autopilot/db/sobel.pp.0.cpp -- -std=gnu++98 -fhls -ferror-limit=0 -fstrict-dataflow > C:/Users/FLASHCOPIE/Desktop/Projet_sobel_lena/hls_lena/hls_lena/hls2/solution1/.autopilot/db/xilinx-dataflow-lawyer.sobel.pp.0.cpp.out.log 2> C:/Users/FLASHCOPIE/Desktop/Projet_sobel_lena/hls_lena/hls_lena/hls2/solution1/.autopilot/db/xilinx-dataflow-lawyer.sobel.pp.0.cpp.err.log 
Command       ap_eval done; 0.906 sec.
Execute       tidy_31 -errorcheck xilinx-constantarray-param,xilinx-resource-pragma-transformer,xilinx-xfmat-array-geometry C:/Users/FLASHCOPIE/Desktop/Projet_sobel_lena/hls_lena/hls_lena/hls2/solution1/.autopilot/db/sobel.pp.0.cpp std=gnu++98 
Execute         ap_eval exec -ignorestderr D:/Xilinx/Vivado/2018.3/win64/tools/clang-3.9-csynth/bin/tidy-3.1 -export-fixes=C:/Users/FLASHCOPIE/Desktop/Projet_sobel_lena/hls_lena/hls_lena/hls2/solution1/.autopilot/db/tidy-3.1.sobel.pp.0.cpp.diag.yml -header-filter=.* -checks=-*,xilinx-constantarray-param,xilinx-resource-pragma-transformer,xilinx-xfmat-array-geometry -quiet -fix-errors C:/Users/FLASHCOPIE/Desktop/Projet_sobel_lena/hls_lena/hls_lena/hls2/solution1/.autopilot/db/sobel.pp.0.cpp -- -std=gnu++98 -fhls -ferror-limit=0 > C:/Users/FLASHCOPIE/Desktop/Projet_sobel_lena/hls_lena/hls_lena/hls2/solution1/.autopilot/db/tidy-3.1.sobel.pp.0.cpp.out.log 2> C:/Users/FLASHCOPIE/Desktop/Projet_sobel_lena/hls_lena/hls_lena/hls2/solution1/.autopilot/db/tidy-3.1.sobel.pp.0.cpp.err.log 
Command         ap_eval done; 0.756 sec.
Execute         ap_eval exec -ignorestderr D:/Xilinx/Vivado/2018.3/win64/tools/clang-3.9-csynth/bin/xilinx-legacy-rewriter C:/Users/FLASHCOPIE/Desktop/Projet_sobel_lena/hls_lena/hls_lena/hls2/solution1/.autopilot/db/sobel.pp.0.cpp -- -std=gnu++98 -fhls -ferror-limit=0 > C:/Users/FLASHCOPIE/Desktop/Projet_sobel_lena/hls_lena/hls_lena/hls2/solution1/.autopilot/db/xilinx-legacy-rewriter.sobel.pp.0.cpp.out.log 2> C:/Users/FLASHCOPIE/Desktop/Projet_sobel_lena/hls_lena/hls_lena/hls2/solution1/.autopilot/db/xilinx-legacy-rewriter.sobel.pp.0.cpp.err.log 
Command         ap_eval done; 1.197 sec.
Command       tidy_31 done; 1.962 sec.
INFO-FLOW: Done: tidy-3.1 CDT preprocess time: 4.1 seconds per iteration
INFO-FLOW: Pragma Handling...
Execute       tidy_31 xilinx-ssdm-intrinsics-arguments C:/Users/FLASHCOPIE/Desktop/Projet_sobel_lena/hls_lena/hls_lena/hls2/solution1/.autopilot/db/sobel.pragma.1.cpp std=gnu++98 
INFO-FLOW: exec D:/Xilinx/Vivado/2018.3/win64/tools/clang-3.9-csynth/bin/tidy-3.1 -header-filter=.* -checks=-*,xilinx-ssdm-intrinsics-arguments -quiet -fix-errors C:/Users/FLASHCOPIE/Desktop/Projet_sobel_lena/hls_lena/hls_lena/hls2/solution1/.autopilot/db/sobel.pragma.1.cpp -- -std=gnu++98 -fhls -ferror-limit=0
Command       tidy_31 done; 0.798 sec.
Execute       get_default_platform 
INFO-FLOW: Processing labels
Execute       clang -src C:/Users/FLASHCOPIE/Desktop/Projet_sobel_lena/hls_lena/hls_lena/hls2/solution1/.autopilot/db/sobel.pragma.2.cpp  -fno-limit-debug-info -gcc-toolchain D:/Xilinx/Vivado/2018.3/msys -hls -hls-analyze-label -hls-analyze-pragma -fno-exceptions  -D__llvm__  -w  "C:/Users/FLASHCOPIE/Desktop/Projet_sobel_lena/hls_lena/hls_lena/hls2/solution1/.autopilot/db/sobel.pragma.2.cpp"    -fno-math-errno -c -emit-llvm -O0  -mllvm -disable-llvm-optzns -fno-threadsafe-statics  -fno-use-cxa-atexit -DAESL_SYN -D__SYNTHESIS__ -D__HLS_SYN__ -I "D:/Xilinx/Vivado/2018.3/common/technology/autopilot" -I "D:/Xilinx/Vivado/2018.3/common/technology/autopilot/ap_sysc" -include etc/autopilot_ssdm_op.h -D__DSP48E1__ -g -o "C:/Users/FLASHCOPIE/Desktop/Projet_sobel_lena/hls_lena/hls_lena/hls2/solution1/.autopilot/db/sobel.bc" 
INFO-FLOW: exec D:/Xilinx/Vivado/2018.3/win64/tools/clang/bin/clang -fno-limit-debug-info -gcc-toolchain D:/Xilinx/Vivado/2018.3/msys -hls -hls-analyze-label -hls-analyze-pragma -fno-exceptions -D__llvm__ -w C:/Users/FLASHCOPIE/Desktop/Projet_sobel_lena/hls_lena/hls_lena/hls2/solution1/.autopilot/db/sobel.pragma.2.cpp -fno-math-errno -c -emit-llvm -O0 -mllvm -disable-llvm-optzns -fno-threadsafe-statics -fno-use-cxa-atexit -DAESL_SYN -D__SYNTHESIS__ -D__HLS_SYN__ -I D:/Xilinx/Vivado/2018.3/common/technology/autopilot -I D:/Xilinx/Vivado/2018.3/common/technology/autopilot/ap_sysc -include etc/autopilot_ssdm_op.h -D__DSP48E1__ -g -o C:/Users/FLASHCOPIE/Desktop/Projet_sobel_lena/hls_lena/hls_lena/hls2/solution1/.autopilot/db/sobel.bc
Command       clang done; 2.448 sec.
INFO-FLOW: Linking Debug ...
Execute       llvm-ld C:/Users/FLASHCOPIE/Desktop/Projet_sobel_lena/hls_lena/hls_lena/hls2/solution1/.autopilot/db/sobel.g.bc -hls-opt -except-internalize sobel -LD:/Xilinx/Vivado/2018.3/win64/lib -lhlsm -lhlsmc++ -o C:/Users/FLASHCOPIE/Desktop/Projet_sobel_lena/hls_lena/hls_lena/hls2/solution1/.autopilot/db/a.g 
Command       llvm-ld done; 6.034 sec.
INFO: [HLS 200-111] Finished Linking Time (s): cpu = 00:00:01 ; elapsed = 00:00:21 . Memory (MB): peak = 102.676 ; gain = 17.211
INFO: [HLS 200-111] Finished Checking Pragmas Time (s): cpu = 00:00:01 ; elapsed = 00:00:21 . Memory (MB): peak = 102.676 ; gain = 17.211
Execute       get_config_sdx -target 
Execute       opt_and_import_c a -opt_level=2 -skip_syncheck=0 -ng=0 -keep_printf=0 
Execute         cleanup_all_models 
INFO: [HLS 200-10] Starting code transformations ...
Execute         transform -promote-dbg-pointer C:/Users/FLASHCOPIE/Desktop/Projet_sobel_lena/hls_lena/hls_lena/hls2/solution1/.autopilot/db/a.pp.bc -o C:/Users/FLASHCOPIE/Desktop/Projet_sobel_lena/hls_lena/hls_lena/hls2/solution1/.autopilot/db/a.pp.0.bc -f 
Command         transform done; 0.12 sec.
Execute         llvm-ld C:/Users/FLASHCOPIE/Desktop/Projet_sobel_lena/hls_lena/hls_lena/hls2/solution1/.autopilot/db/a.pp.0.bc -disable-opt -LD:/Xilinx/Vivado/2018.3/win64/lib -lfloatconversion -o C:/Users/FLASHCOPIE/Desktop/Projet_sobel_lena/hls_lena/hls_lena/hls2/solution1/.autopilot/db/a.g.0 
Command         llvm-ld done; 1.835 sec.
INFO-FLOW: Running Standard Transforms...
Execute         transform -hls -share-std-xform -demangle-name -inline-byval-memcpy -always-inline -promote-dbg-pointer -interface-preproc -mem2reg -lower-blackbox -scalarrepl -mem2reg -keep-read-access -instcombine -dce -promote-dbg-pointer -bitop-raise -loop-simplify -indvarspre -indvars -loop-simplify -xunroll -constprop -instcombine -simplifycfg -indvars -simplifycfg -dce -globaldce -basicaa -simplifycfg -mem2reg -globalopt -global-constprop -deadargelim -instcombine -simplifycfg -prune-eh -simplifycfg -scalarrepl -instcombine -reassociate -licm -simplifycfg -loop-simplify -indvars -instcombine -simplifycfg -mem2reg -loop-simplify -indvars -instcombine -gvn -gvn -instcombine -adce -break-crit-edges -simplifycfg -loop-delete -global-array-opt -dce -dse -adce -find-syn-modules -top sobel -deadargelim -mem2reg -instcombine -dce -presyn-prepare -auto-rom-infer -interface-preproc -syn-check -check-rec-only -find-region -simplifycfg -func-extr -function-inline -globaldce -mem2reg -instcombine -dce -gvn -globaldce -adce -adse -constprop -instcombine -bit-constprop -instcombine -dce -simplifycfg -bitop-raise -simplifycfg -dce -loop-delete -reassociate -globalopt -global-privatize -mem2reg -dce -global-constprop -pointer-simplify -constprop -dce -func-inst -deadargelim -auto-shift-reg-idiom -promote-dbg-pointer -norm-name C:/Users/FLASHCOPIE/Desktop/Projet_sobel_lena/hls_lena/hls_lena/hls2/solution1/.autopilot/db/a.g.0.bc -o C:/Users/FLASHCOPIE/Desktop/Projet_sobel_lena/hls_lena/hls_lena/hls2/solution1/.autopilot/db/a.g.1.bc -f -phase std-opt 
Command         transform done; 1.284 sec.
INFO: [HLS 200-111] Finished Standard Transforms Time (s): cpu = 00:00:02 ; elapsed = 00:00:24 . Memory (MB): peak = 151.379 ; gain = 65.914
INFO: [HLS 200-10] Checking synthesizability ...
INFO-FLOW: Checking Synthesizability 1/2..
Execute         transform -hls -syn-check -check-rec-only -disaggr -scalarrepl -norm-name -dce -mem2reg -instcombine -function-uniquify -directive-preproc -mem2reg -dse -dce -auto-rom-infer -dce -pag -array-normalize -instcombine -dce -warn-fifo-pointer -array-seg-normalize -instcombine -dce -array-flatten -instcombine -dce -array-burst -dce -deadargelim -promote-global-argument -simplifycfg -mem2reg -globaldce -resolve-double-ptr -dce -deadargelim -dce -instcombine -function-inline -globaldce -dce -doublePtrSimplify -doublePtrElim -dce -doublePtrSimplify -promote-dbg-pointer -dce -scalarrepl -dse -adse -instcombine -ptrLegalization -simplifycfg -dce -instcombine -pointer-simplify -ptrArgReplace -dce -instcombine -disaggr -scalarrepl -norm-name -dce -mem2reg -instcombine -ptrLegalization -simplifycfg -deadargelim -instcombine -dce -inst-simplify -function-uniquify -directive-preproc -mem2reg -dse -dce -globaldce -check-dspbuiltin C:/Users/FLASHCOPIE/Desktop/Projet_sobel_lena/hls_lena/hls_lena/hls2/solution1/.autopilot/db/a.g.1.bc -o C:/Users/FLASHCOPIE/Desktop/Projet_sobel_lena/hls_lena/hls_lena/hls2/solution1/.autopilot/db/a.g.2.prechk.bc -f 
INFO: [XFORM 203-602] Inlining function 'fp_struct<float>::mantissa' into 'generic_cast_IEEE754<int, (ap_q_mode)6, float>' (r:/builds/2018.3/continuous/2018_12_06_2405991/src/products/hls/hls_lib/hlsmath/include/FloatingPoint\hls_case_IEEE754.h:14) automatically.
INFO: [XFORM 203-602] Inlining function 'fp_struct<float>::expv' into 'generic_cast_IEEE754<int, (ap_q_mode)6, float>' (r:/builds/2018.3/continuous/2018_12_06_2405991/src/products/hls/hls_lib/hlsmath/include/FloatingPoint\hls_case_IEEE754.h:17) automatically.
INFO: [XFORM 203-602] Inlining function 'fp_struct<float>::__signbit' into 'generic_cast_IEEE754<int, (ap_q_mode)6, float>' (r:/builds/2018.3/continuous/2018_12_06_2405991/src/products/hls/hls_lib/hlsmath/include/FloatingPoint\hls_case_IEEE754.h:58) automatically.
INFO: [XFORM 203-602] Inlining function 'generic_cast_IEEE754<int, (ap_q_mode)6, float>' into 'generic_cast_IEEE754<int, float>' (r:/builds/2018.3/continuous/2018_12_06_2405991/src/products/hls/hls_lib/hlsmath/include/FloatingPoint\hls_case_IEEE754.h:116) automatically.
INFO: [XFORM 203-602] Inlining function 'generic_cast_IEEE754<int, float>' into '__hls_fptosi_float_i32' (r:/builds/2018.3/continuous/2018_12_06_2405991/src/products/hls/hls_lib/hlsmath/src/lib_floatconversion.cpp:50) automatically.
INFO: [XFORM 203-602] Inlining function '__hls_fptosi_float_i32' into 'sobel' (sobel.cpp:44) automatically.
Command         transform done; 0.715 sec.
INFO-FLOW: Checking Synthesizability 2/2..
Execute         transform -syn-check C:/Users/FLASHCOPIE/Desktop/Projet_sobel_lena/hls_lena/hls_lena/hls2/solution1/.autopilot/db/a.g.2.prechk.bc -o C:/Users/FLASHCOPIE/Desktop/Projet_sobel_lena/hls_lena/hls_lena/hls2/solution1/.autopilot/db/a.g.2.bc -f -phase syn-check 
Command         transform done; 0.475 sec.
INFO: [HLS 200-111] Finished Checking Synthesizability Time (s): cpu = 00:00:03 ; elapsed = 00:00:25 . Memory (MB): peak = 181.113 ; gain = 95.648
INFO-FLOW: Compiler optimizing ...
INFO-FLOW: Share syncheck's 1.bc for syn flow: copy C:/Users/FLASHCOPIE/Desktop/Projet_sobel_lena/hls_lena/hls_lena/hls2/solution1/.autopilot/db/a.g.1.bc to C:/Users/FLASHCOPIE/Desktop/Projet_sobel_lena/hls_lena/hls_lena/hls2/solution1/.autopilot/db/a.o.1.bc
INFO-FLOW: Presyn 1...
Execute         transform -hls -tmp C:/Users/FLASHCOPIE/Desktop/Projet_sobel_lena/hls_lena/hls_lena/hls2/solution1/.autopilot/db -interface-port-rename -type-info -function-uniquify -directive-preproc -mem2reg -dse -dce -disaggr -scalarrepl -norm-name -deadargelim -mem2reg -instcombine -dce -simplifycfg -auto-rom-infer -dce -function-uniquify -resource-proc -simplifycfg -mem2reg -globaldce -resolve-double-ptr -dce -deadargelim -dce -instcombine -clib-intrinsic-prepare -dce -func-buffer -dce -pag -array-normalize -func-legal -instcombine -gvn -constprop -dce -ptrArgReplace -mem2reg -instcombine -dce -array-seg-normalize -deadargelim -instcombine -dce -pointer-simplify -dce -port-alignment -dce -interface-preproc -data-pack -instcombine -dce -basicaa -aggr-aa -aggrmodref-aa -aggr-aa -gvn -gvn -basicaa -aggr-aa -aggrmodref-aa -aggr-aa -dse -adse -adce -loop-simplify -indvars -instcombine -gvn -loop-simplify -mem2reg -dce -find-region -instcombine -auto-loop-pipeline -inst-simplify -interface-preproc -cfgopt -instcombine -indvars -auto-loop-unroll -loop-simplify -loop-bound -xunroll -constprop -instcombine -simplifycfg -indvars -simplifycfg -dce -globaldce -clean-region -attach-range -gvn -inst-simplify -constprop -simplifycfg -dce -pointer-simplify -dce -globalopt -constprop -dce -array-promote -constprop -instcombine -dce -ptrArgReplace -mem2reg -instcombine -simplifycfg -dce -auto-par -instcombine -dce -array-transform-check -array-reshape -instcombine -simplifycfg -dce -ptrArgReplace -deadargelim -mem2reg -instcombine -simplifycfg -dce -indvars -loop-simplify -loop-bound -xunroll -constprop -instcombine -simplifycfg -indvars -simplifycfg -dce -globaldce -basicaa -aggr-aa -aggrmodref-aa -aggr-aa -dse -duplicate-dataflow-processes -globaldce -instcombine -array-partition -instcombine -simplifycfg -dce -ptrArgReplace -global-constprop -deadargelim -mem2reg -func-legal -instcombine -dce -global-constprop -deadargelim -mem2reg -instcombine -simplifycfg -dce -merge-param -deadargelim -globalopt -constprop -dce -array-promote -constprop -instcombine -dce -ptrArgReplace -mem2reg -instcombine -simplifycfg -dce -mem-intrinsic-preproc -dce -global-internalize -global-privatize -mem2reg -globaldce -promote-global-argument -ptrArgReplace -mem2reg -instcombine -dce -globalopt -mergereturn -simplify-global-access -mem2reg -dce -pointer-simplify -dce -functionattrs -basicaa -aggr-aa -aggrmodref-aa -aggr-aa -gvn -gvn -basicaa -aggr-aa -aggrmodref-aa -aggr-aa -dse -adse -adce -inst-simplify -dce -norm-name -function-inline -globaldce -func-inst -constprop -instcombine -simplifycfg -dce -func-legal -dce -loop-bound -arraycheck -bitwidthmin -on-by-dataflow -loop-delete -instcombine -simplifycfg -globaldce -dce -gvn -deadargelim -dce -loop-simplify -clean-region -simplifycfg -propagate-stable-arguments -loop-stream -instcombine -simplifycfg -dce -globaldce -duplicate-dataflow-processes -stream-intrinsic-preproc -dce -check-ap-stream -loop-simplify -eliminate-keepreads -extract-dataflow-in-loop -loop-simplify -dce -gvn -deadargelim -dse -check-dataflow-syntax -legalize-stream-variable -legalize-global -extract-subproc -dce -dead-channel-elimination -canonicalize-gep -globaldce -dce -gvn -deadargelim -annotate-dataflow-channels -scalar-propagation -deadargelim -globaldce -mem2reg -check-dataflow-channels -function-stream -dce -globaldce -prop-fifo-spec -internal-stream-gen -canonicalize-gep -globaldce -dce -gvn -deadargelim -mergereturn -indvars -loop-simplify -instcombine -array-stream -array-seg-normalize -array-partition -func-legal -instcombine -simplifycfg -dce -bundle-memfifo-ops -deadargelim -function-uniquify -directive-preproc -mem2reg -dse -dce -group-axi-access -licm -simplifycfg -dce -loop-delete -norm-name C:/Users/FLASHCOPIE/Desktop/Projet_sobel_lena/hls_lena/hls_lena/hls2/solution1/.autopilot/db/a.o.1.bc -o C:/Users/FLASHCOPIE/Desktop/Projet_sobel_lena/hls_lena/hls_lena/hls2/solution1/.autopilot/db/a.o.1.tmp.bc -f 
INFO: [XFORM 203-502] Unrolling all sub-loops inside loop 'Loop-1' (sobel.cpp:18) in function 'sobel' for pipelining.
INFO: [HLS 200-489] Unrolling loop 'Loop-1.1' (sobel.cpp:30) in function 'sobel' completely with a factor of 3.
INFO: [HLS 200-489] Unrolling loop 'Loop-1.1.1' (sobel.cpp:31) in function 'sobel' completely with a factor of 3.
INFO: [XFORM 203-102] Partitioning array 'window' (sobel.cpp:13) in dimension 1 automatically.
INFO: [XFORM 203-102] Partitioning array 'window.0' (sobel.cpp:13) automatically.
INFO: [XFORM 203-102] Partitioning array 'window.1' (sobel.cpp:13) automatically.
INFO: [XFORM 203-102] Partitioning array 'window.2' (sobel.cpp:13) automatically.
INFO: [XFORM 203-602] Inlining function 'fp_struct<float>::mantissa' into 'generic_cast_IEEE754<int, (ap_q_mode)6, float>' (r:/builds/2018.3/continuous/2018_12_06_2405991/src/products/hls/hls_lib/hlsmath/include/FloatingPoint\hls_case_IEEE754.h:14) automatically.
INFO: [XFORM 203-602] Inlining function 'fp_struct<float>::expv' into 'generic_cast_IEEE754<int, (ap_q_mode)6, float>' (r:/builds/2018.3/continuous/2018_12_06_2405991/src/products/hls/hls_lib/hlsmath/include/FloatingPoint\hls_case_IEEE754.h:17) automatically.
INFO: [XFORM 203-602] Inlining function 'fp_struct<float>::__signbit' into 'generic_cast_IEEE754<int, (ap_q_mode)6, float>' (r:/builds/2018.3/continuous/2018_12_06_2405991/src/products/hls/hls_lib/hlsmath/include/FloatingPoint\hls_case_IEEE754.h:58) automatically.
INFO: [XFORM 203-602] Inlining function 'generic_cast_IEEE754<int, (ap_q_mode)6, float>' into 'generic_cast_IEEE754<int, float>' (r:/builds/2018.3/continuous/2018_12_06_2405991/src/products/hls/hls_lib/hlsmath/include/FloatingPoint\hls_case_IEEE754.h:116) automatically.
INFO: [XFORM 203-602] Inlining function 'generic_cast_IEEE754<int, float>' into '__hls_fptosi_float_i32' (r:/builds/2018.3/continuous/2018_12_06_2405991/src/products/hls/hls_lib/hlsmath/src/lib_floatconversion.cpp:50) automatically.
INFO: [XFORM 203-602] Inlining function '__hls_fptosi_float_i32' into 'sobel' (sobel.cpp:44) automatically.
Command         transform done; 1.446 sec.
INFO-FLOW: Presyn 2...
Execute         transform -hls -keep-callgraph -scalarrepl -mem2reg -port-alignment -attach-range -dce -pipe-mux-gen -indvars -loop-bound -inst-simplify -instcombine -dce -merge-array-access -mem2reg -dce -clean-region -mergereturn -if-conv -instcombine -dce -constprop -basicaa -aggr-aa -aggrmodref-aa -aggr-aa -gvn -gvn -basicaa -aggr-aa -aggrmodref-aa -aggr-aa -dse -adse -adce -scalarrepl -mem2reg -global-constprop -deadargelim -deadargelim -instcombine -dce -simplifycfg -ptrArgReplace -mem2reg -function-inline -globaldce -mem2reg -instcombine -dce -expr-balance -instcombine -dce -bitwidthmin -interface-preproc -directive-preproc -inst-rectify -instcombine -dce -functionattrs -constprop -instcombine -bit-constprop -simplify-global-access -globalopt -globaldce -inst-simplify -instcombine -elimdeaddata -dce -loop-delete -simplifycfg -loop-simplify -auto-burst -norm-name C:/Users/FLASHCOPIE/Desktop/Projet_sobel_lena/hls_lena/hls_lena/hls2/solution1/.autopilot/db/a.o.1.tmp.bc -o C:/Users/FLASHCOPIE/Desktop/Projet_sobel_lena/hls_lena/hls_lena/hls2/solution1/.autopilot/db/a.o.2.bc -f -phase presyn 
Command         transform done; 0.45 sec.
INFO: [HLS 200-111] Finished Pre-synthesis Time (s): cpu = 00:00:04 ; elapsed = 00:00:27 . Memory (MB): peak = 241.383 ; gain = 155.918
INFO-FLOW: Building ssdm...
Execute         transform -hls -function-uniquify -auto-function-inline -globaldce -ptrArgReplace -mem2reg -instcombine -dce -reset-lda -loop-simplify -indvars -licm -loop-dep -loop-bound -licm -loop-simplify -flattenloopnest -array-flatten -gvn -instcombine -dce -array-map -dce -func-legal -gvn -adce -instcombine -cfgopt -simplifycfg -loop-simplify -array-burst -promote-global-argument -dce -axi4-lower -array-seg-normalize -basicaa -aggrmodref-aa -globalsmodref-aa -aggr-aa -gvn -gvn -basicaa -aggrmodref-aa -globalsmodref-aa -aggr-aa -dse -adse -adce -licm -inst-simplify -dce -globaldce -instcombine -array-stream -eliminate-keepreads -instcombine -dce -deadargelim -doublePtrSimplify -doublePtrElim -dce -doublePtrSimplify -promote-dbg-pointer -dce -scalarrepl -mem2reg -disaggr -norm-name -mem2reg -instcombine -dse -adse -adce -ptrLegalization -dce -auto-rom-infer -array-flatten -dce -instcombine -check-doubleptr -loop-rot -constprop -cfgopt -simplifycfg -loop-simplify -indvars -pointer-simplify -dce -loop-bound -loop-simplify -loop-preproc -constprop -global-constprop -gvn -mem2reg -instcombine -dce -loop-bound -loop-merge -dce -bitwidthmin -deadargelim -dce -canonicalize-dataflow -dce -scalar-propagation -deadargelim -globaldce -mem2reg -read-loop-dep -interface-preproc -directive-preproc -interface-gen -bram-byte-enable -deadargelim -inst-simplify -dce -gvn -mem2reg -instcombine -dce -adse -loop-bound -instcombine -cfgopt -simplifycfg -loop-simplify -clean-region -io-protocol -find-region -mem2reg -bitop-raise -inst-simplify -inst-rectify -instcombine -adce -deadargelim -loop-simplify -phi-opt -bitop-raise -cfgopt -simplifycfg -strip-dead-prototypes -interface-lower -bitop-lower -intrinsic-lower -auto-function-inline -basicaa -aggrmodref-aa -globalsmodref-aa -aggr-aa -inst-simplify -simplifycfg -loop-simplify -mergereturn -inst-simplify -inst-rectify -dce -load-elim -bitop-lower -loop-rewind -pointer-simplify -dce -cfgopt -dce -bitwidth -loop-bound -loop-dep -read-loop-dep -dce -check-stream -norm-name -legalize -validate-dataflow -inst-clarity -cdfg-build C:/Users/FLASHCOPIE/Desktop/Projet_sobel_lena/hls_lena/hls_lena/hls2/solution1/.autopilot/db/a.o.2.bc -o C:/Users/FLASHCOPIE/Desktop/Projet_sobel_lena/hls_lena/hls_lena/hls2/solution1/.autopilot/db/a.o.3.bc -f -phase build-ssdm 
Command         transform done; 0.589 sec.
INFO: [HLS 200-111] Finished Architecture Synthesis Time (s): cpu = 00:00:05 ; elapsed = 00:00:28 . Memory (MB): peak = 256.508 ; gain = 171.043
INFO-FLOW: Finish building internal data model.
Command       opt_and_import_c done; 6.99 sec.
Command     elaborate done; 26.084 sec.
Execute     autosyn -from_csynth_design=1 
INFO: [HLS 200-10] Starting hardware synthesis ...
INFO-FLOW: Synthesizing C/C++ design ...
INFO: [HLS 200-10] Synthesizing 'sobel' ...
Execute       ap_set_top_model sobel 
Execute       get_model_list sobel -filter all-wo-channel -topdown 
Execute       preproc_iomode -model sobel 
Execute       get_model_list sobel -filter all-wo-channel 
INFO-FLOW: Model list for configure: sobel
INFO-FLOW: Configuring Module : sobel ...
Execute       set_default_model sobel 
Execute       apply_spec_resource_limit sobel 
INFO-FLOW: Model list for preprocess: sobel
INFO-FLOW: Preprocessing Module: sobel ...
Execute       set_default_model sobel 
Execute       cdfg_preprocess -model sobel 
Execute       rtl_gen_preprocess sobel 
INFO-FLOW: Model list for synthesis: sobel
INFO: [HLS 200-10] ----------------------------------------------------------------
INFO: [HLS 200-42] -- Implementing module 'sobel' 
INFO: [HLS 200-10] ----------------------------------------------------------------
Execute       set_default_model sobel 
Execute       schedule -model sobel 
INFO: [SCHED 204-11] Starting scheduling ...
INFO: [SCHED 204-61] Pipelining loop 'Loop 1'.
WARNING: [SCHED 204-68] The II Violation in module 'sobel': Unable to enforce a carried dependence constraint (II = 1, distance = 1, offset = 1)
   between 'store' operation (sobel.cpp:25) of variable 'line_buffer_load_1', sobel.cpp:25 on array 'line_buffer', sobel.cpp:10 and 'load' operation ('line_buffer_load', sobel.cpp:24) on array 'line_buffer', sobel.cpp:10.
WARNING: [SCHED 204-69] Unable to schedule 'store' operation (sobel.cpp:26) of variable 'tmp.data.V', sobel.cpp:20 on array 'line_buffer', sobel.cpp:10 due to limited memory ports. Please consider using a memory core with more ports or partitioning the array 'line_buffer'.
INFO: [SCHED 204-61] Pipelining result : Target II = 1, Final II = 6, Depth = 29.
INFO: [SCHED 204-11] Finished scheduling.
Command       schedule done; 0.456 sec.
INFO: [HLS 200-111]  Elapsed time: 28.128 seconds; current allocated memory: 196.206 MB.
Execute       report -o C:/Users/FLASHCOPIE/Desktop/Projet_sobel_lena/hls_lena/hls_lena/hls2/solution1/.autopilot/db/sobel.verbose.sched.rpt -verbose -f 
Command       report done; 0.157 sec.
Execute       db_write -o C:/Users/FLASHCOPIE/Desktop/Projet_sobel_lena/hls_lena/hls_lena/hls2/solution1/.autopilot/db/sobel.sched.adb -f 
INFO-FLOW: Finish scheduling sobel.
Execute       set_default_model sobel 
Execute       bind -model sobel 
BIND OPTION: fu_weight=[ 0.0 -- 1.0 ]
BIND OPTION: model=sobel
BIND OPTION: reg_weight=[ 0.0 -- 1.0 ]
INFO: [BIND 205-100] Starting micro-architecture generation ...
INFO: [BIND 205-101] Performing variable lifetime analysis.
INFO: [BIND 205-101] Exploring resource sharing.
INFO: [BIND 205-101] Binding ...
INFO: [BIND 205-100] Finished micro-architecture generation.
Command       bind done; 0.147 sec.
INFO: [HLS 200-111]  Elapsed time: 0.439 seconds; current allocated memory: 196.847 MB.
Execute       report -o C:/Users/FLASHCOPIE/Desktop/Projet_sobel_lena/hls_lena/hls_lena/hls2/solution1/.autopilot/db/sobel.verbose.bind.rpt -verbose -f 
Command       report done; 0.487 sec.
Execute       db_write -o C:/Users/FLASHCOPIE/Desktop/Projet_sobel_lena/hls_lena/hls_lena/hls2/solution1/.autopilot/db/sobel.bind.adb -f 
INFO-FLOW: Finish binding sobel.
Execute       get_model_list sobel -filter all-wo-channel 
INFO-FLOW: Preprocessing for RTLGen ...
Execute       rtl_gen_preprocess sobel 
INFO-FLOW: Model list for RTL generation: sobel
INFO: [HLS 200-10] ----------------------------------------------------------------
INFO: [HLS 200-10] -- Generating RTL for module 'sobel' 
INFO: [HLS 200-10] ----------------------------------------------------------------
Execute       get_config_rtl -prefix 
Execute       get_config_rtl -auto_prefix 
Execute       create_rtl_model sobel -vendor xilinx -mg_file C:/Users/FLASHCOPIE/Desktop/Projet_sobel_lena/hls_lena/hls_lena/hls2/solution1/.autopilot/db/sobel.compgen.tcl 
INFO: [RTGEN 206-500] Setting interface mode on port 'sobel/input_V_data_V' to 'axis' (register, both mode).
INFO: [RTGEN 206-500] Setting interface mode on port 'sobel/input_V_keep_V' to 'axis' (register, both mode).
INFO: [RTGEN 206-500] Setting interface mode on port 'sobel/input_V_strb_V' to 'axis' (register, both mode).
INFO: [RTGEN 206-500] Setting interface mode on port 'sobel/input_V_last_V' to 'axis' (register, both mode).
INFO: [RTGEN 206-500] Setting interface mode on port 'sobel/output_V_data_V' to 'axis' (register, both mode).
INFO: [RTGEN 206-500] Setting interface mode on port 'sobel/output_V_keep_V' to 'axis' (register, both mode).
INFO: [RTGEN 206-500] Setting interface mode on port 'sobel/output_V_strb_V' to 'axis' (register, both mode).
INFO: [RTGEN 206-500] Setting interface mode on port 'sobel/output_V_last_V' to 'axis' (register, both mode).
INFO: [RTGEN 206-500] Setting interface mode on function 'sobel' to 's_axilite & ap_ctrl_hs'.
INFO: [RTGEN 206-100] Bundling port 'return' to AXI-Lite port AXILiteS.
INFO: [SYN 201-210] Renamed object name 'sobel_sitofp_32s_32_6_1' to 'sobel_sitofp_32s_bkb' due to the length limit 20
INFO: [SYN 201-210] Renamed object name 'sobel_fsqrt_32ns_32ns_32_12_1' to 'sobel_fsqrt_32ns_cud' due to the length limit 20
INFO: [SYN 201-210] Renamed object name 'sobel_mul_mul_11s_11s_22_1_1' to 'sobel_mul_mul_11sdEe' due to the length limit 20
INFO: [SYN 201-210] Renamed object name 'sobel_mac_muladd_11s_11s_22s_22_1_1' to 'sobel_mac_muladd_eOg' due to the length limit 20
INFO: [RTGEN 206-100] Generating core module 'sobel_fsqrt_32ns_cud': 1 instance(s).
INFO: [RTGEN 206-100] Generating core module 'sobel_mac_muladd_eOg': 1 instance(s).
INFO: [RTGEN 206-100] Generating core module 'sobel_mul_mul_11sdEe': 1 instance(s).
INFO: [RTGEN 206-100] Generating core module 'sobel_sitofp_32s_bkb': 1 instance(s).
INFO: [RTGEN 206-100] Finished creating RTL model for 'sobel'.
Command       create_rtl_model done; 0.406 sec.
INFO: [HLS 200-111]  Elapsed time: 1.117 seconds; current allocated memory: 198.549 MB.
Execute       source C:/Users/FLASHCOPIE/Desktop/Projet_sobel_lena/hls_lena/hls_lena/hls2/solution1/.autopilot/db/sobel.rtl_wrap.cfg.tcl 
Execute       gen_rtl sobel -istop -style xilinx -tracefl mytrace -tracefmt vcd -traceopt all -f -lang sc -o C:/Users/FLASHCOPIE/Desktop/Projet_sobel_lena/hls_lena/hls_lena/hls2/solution1/syn/systemc/sobel -synmodules sobel 
Execute       gen_rtl sobel -istop -style xilinx -f -lang vhdl -o C:/Users/FLASHCOPIE/Desktop/Projet_sobel_lena/hls_lena/hls_lena/hls2/solution1/syn/vhdl/sobel 
Command       gen_rtl done; 0.158 sec.
Execute       gen_rtl sobel -istop -style xilinx -f -lang vlog -o C:/Users/FLASHCOPIE/Desktop/Projet_sobel_lena/hls_lena/hls_lena/hls2/solution1/syn/verilog/sobel 
Execute       export_constraint_db -o C:/Users/FLASHCOPIE/Desktop/Projet_sobel_lena/hls_lena/hls_lena/hls2/solution1/.autopilot/db/sobel.constraint.tcl -f -tool general 
Execute       report -model sobel -o C:/Users/FLASHCOPIE/Desktop/Projet_sobel_lena/hls_lena/hls_lena/hls2/solution1/.autopilot/db/sobel.design.xml -verbose -f -dv 
Command       report done; 0.33 sec.
Execute       report -model sobel -o C:/Users/FLASHCOPIE/Desktop/Projet_sobel_lena/hls_lena/hls_lena/hls2/solution1/.autopilot/db/sobel.sdaccel.xml -verbose -f -sdaccel 
Command       report done; 0.445 sec.
Execute       gen_tb_info sobel -o C:/Users/FLASHCOPIE/Desktop/Projet_sobel_lena/hls_lena/hls_lena/hls2/solution1/.autopilot/db/sobel -p C:/Users/FLASHCOPIE/Desktop/Projet_sobel_lena/hls_lena/hls_lena/hls2/solution1/.autopilot/db 
Execute       report -model sobel -o C:/Users/FLASHCOPIE/Desktop/Projet_sobel_lena/hls_lena/hls_lena/hls2/solution1/syn/report/sobel_csynth.rpt -f 
Command       report done; 0.105 sec.
Execute       report -model sobel -o C:/Users/FLASHCOPIE/Desktop/Projet_sobel_lena/hls_lena/hls_lena/hls2/solution1/syn/report/sobel_csynth.xml -f -x 
Execute       report -model sobel -o C:/Users/FLASHCOPIE/Desktop/Projet_sobel_lena/hls_lena/hls_lena/hls2/solution1/.autopilot/db/sobel.verbose.rpt -verbose -f 
Command       report done; 0.347 sec.
Execute       db_write -model sobel -o C:/Users/FLASHCOPIE/Desktop/Projet_sobel_lena/hls_lena/hls_lena/hls2/solution1/.autopilot/db/sobel.adb -f 
Command       db_write done; 0.185 sec.
Execute       sc_get_clocks sobel 
Execute       get_config_export -vivado_clock 
Execute       sc_get_portdomain sobel 
INFO-FLOW: Model list for RTL component generation: sobel
INFO-FLOW: Handling components in module [sobel] ... 
Execute       source C:/Users/FLASHCOPIE/Desktop/Projet_sobel_lena/hls_lena/hls_lena/hls2/solution1/.autopilot/db/sobel.compgen.tcl 
INFO-FLOW: Found component sobel_sitofp_32s_bkb.
INFO-FLOW: Append model sobel_sitofp_32s_bkb
INFO-FLOW: Found component sobel_fsqrt_32ns_cud.
INFO-FLOW: Append model sobel_fsqrt_32ns_cud
INFO-FLOW: Found component sobel_mul_mul_11sdEe.
INFO-FLOW: Append model sobel_mul_mul_11sdEe
INFO-FLOW: Found component sobel_mac_muladd_eOg.
INFO-FLOW: Append model sobel_mac_muladd_eOg
INFO-FLOW: Found component sobel_line_buffer.
INFO-FLOW: Append model sobel_line_buffer
INFO-FLOW: Found component sobel_AXILiteS_s_axi.
INFO-FLOW: Append model sobel_AXILiteS_s_axi
INFO-FLOW: Append model sobel
INFO-FLOW: Generating RTL model list ...
INFO-FLOW: All models in this session: sobel_sitofp_32s_bkb sobel_fsqrt_32ns_cud sobel_mul_mul_11sdEe sobel_mac_muladd_eOg sobel_line_buffer sobel_AXILiteS_s_axi sobel
INFO-FLOW: To file: write model sobel_sitofp_32s_bkb
INFO-FLOW: To file: write model sobel_fsqrt_32ns_cud
INFO-FLOW: To file: write model sobel_mul_mul_11sdEe
INFO-FLOW: To file: write model sobel_mac_muladd_eOg
INFO-FLOW: To file: write model sobel_line_buffer
INFO-FLOW: To file: write model sobel_AXILiteS_s_axi
INFO-FLOW: To file: write model sobel
INFO-FLOW: Finished generating RTL model list.


INFO-FLOW: RTL Generation done.
INFO-FLOW: CAS Generation done.
INFO-FLOW: CBC Generation done.
INFO-FLOW: DBG:CMD: auto_generate_csynth_design
INFO-FLOW: DBG:CMD:     auto_generate --sim-model -phase csynth_design -d C:/Users/FLASHCOPIE/Desktop/Projet_sobel_lena/hls_lena/hls_lena/hls2/solution1
Execute       source C:/Users/FLASHCOPIE/Desktop/Projet_sobel_lena/hls_lena/hls_lena/hls2/solution1/.autopilot/db/global.setting.tcl 
INFO-FLOW: DBG:CMD: read_platform_lib C:/Users/FLASHCOPIE/Desktop/Projet_sobel_lena/hls_lena/hls_lena/hls2/solution1/.autopilot/db/global.setting.tcl
Execute       source D:/Xilinx/Vivado/2018.3/common/technology/generic/autopilot/common.gen 
Execute         source D:/Xilinx/Vivado/2018.3/common/technology/generic/autopilot/APCoreGen.gen 
Execute       source D:/Xilinx/Vivado/2018.3/common/technology/generic/autopilot/op.gen 
Execute       source D:/Xilinx/Vivado/2018.3/common/technology/generic/autopilot/op_simcore.gen 
Execute       source D:/Xilinx/Vivado/2018.3/common/technology/generic/autopilot/interface.gen 
Execute       source C:/Users/FLASHCOPIE/Desktop/Projet_sobel_lena/hls_lena/hls_lena/hls2/solution1/.autopilot/db/global.setting.tcl 
Execute       source D:/Xilinx/Vivado/2018.3/common/technology/xilinx/zynq/zynq.gen 
Execute         source D:/Xilinx/Vivado/2018.3/common/technology/xilinx/common/virtex.gen 
Execute           source D:/Xilinx/Vivado/2018.3/common/technology/xilinx/common/xilinx.gen 
Execute             source D:/Xilinx/Vivado/2018.3/common/technology/xilinx/interface/plb46.gen 
Execute             source D:/Xilinx/Vivado/2018.3/common/technology/xilinx/interface/fsl.gen 
Execute             source D:/Xilinx/Vivado/2018.3/common/technology/xilinx/interface/axi4.gen 
Execute             source D:/Xilinx/Vivado/2018.3/common/technology/xilinx/interface/nativeAXI4.gen 
Execute               source D:/Xilinx/Vivado/2018.3/common/technology/xilinx/interface/saxilite.gen 
Execute               source D:/Xilinx/Vivado/2018.3/common/technology/xilinx/interface/maxi.gen 
Execute             source D:/Xilinx/Vivado/2018.3/common/technology/xilinx/scripts/xilinxcoregen.gen 
Execute             source D:/Xilinx/Vivado/2018.3/common/technology/xilinx/interface/XilEDKCoreGen.gen 
Execute             source D:/Xilinx/Vivado/2018.3/common/technology/xilinx/ip/dds_compiler.gen 
Execute             source D:/Xilinx/Vivado/2018.3/common/technology/xilinx/ip/util.gen 
Execute             source D:/Xilinx/Vivado/2018.3/common/technology/xilinx/ip/xfft.gen 
Command             ap_source done; 0.207 sec.
Execute             source D:/Xilinx/Vivado/2018.3/common/technology/xilinx/ip/xfir.gen 
Command           ap_source done; 0.273 sec.
Execute           source D:/Xilinx/Vivado/2018.3/common/technology/xilinx/common/dsp48.gen 
Command         ap_source done; 0.279 sec.
Command       ap_source done; 0.279 sec.
Execute       source D:/Xilinx/Vivado/2018.3/common/technology/xilinx/zynq/zynq_fpv6.gen 
Execute         source D:/Xilinx/Vivado/2018.3/common/technology/xilinx/common/xilinx_fpv6.gen 
INFO-FLOW: DBG:CMD:   using AESL_AUTOCG::g_clock_period=10.000 (was NA)
INFO-FLOW: DBG:CMD:       generate_ip_cores sim=1 export=0 expOnly=0 dstVlogDir=syn/verilog
Execute       source C:/Users/FLASHCOPIE/Desktop/Projet_sobel_lena/hls_lena/hls_lena/hls2/solution1/.autopilot/db/global.setting.tcl 
Execute       source C:/Users/FLASHCOPIE/Desktop/Projet_sobel_lena/hls_lena/hls_lena/hls2/solution1/.autopilot/db/global.setting.tcl 
Execute       source C:/Users/FLASHCOPIE/Desktop/Projet_sobel_lena/hls_lena/hls_lena/hls2/solution1/.autopilot/db/global.setting.tcl 
Execute       source C:/Users/FLASHCOPIE/Desktop/Projet_sobel_lena/hls_lena/hls_lena/hls2/solution1/.autopilot/db/sobel.compgen.tcl 
INFO: [RTMG 210-278] Implementing memory 'sobel_line_buffer_ram (RAM)' using block RAMs.
Execute         source ./AXILiteS.slave.tcl 
Execute         is_m_axi_addr64 
Command       ap_source done; 0.54 sec.
INFO-FLOW: DBG:CMD:     auto_generate -export -impltomg_flag -rtl both -tool Vivado -pcore_version 1.00.a -phase csynth_design -d C:/Users/FLASHCOPIE/Desktop/Projet_sobel_lena/hls_lena/hls_lena/hls2/solution1
Execute       source C:/Users/FLASHCOPIE/Desktop/Projet_sobel_lena/hls_lena/hls_lena/hls2/solution1/.autopilot/db/global.setting.tcl 
INFO-FLOW: DBG:CMD: read_platform_lib C:/Users/FLASHCOPIE/Desktop/Projet_sobel_lena/hls_lena/hls_lena/hls2/solution1/.autopilot/db/global.setting.tcl
Execute       source D:/Xilinx/Vivado/2018.3/common/technology/generic/autopilot/common.gen 
Execute         source D:/Xilinx/Vivado/2018.3/common/technology/generic/autopilot/APCoreGen.gen 
Execute       source D:/Xilinx/Vivado/2018.3/common/technology/generic/autopilot/op.gen 
Execute       source D:/Xilinx/Vivado/2018.3/common/technology/generic/autopilot/op_simcore.gen 
Execute       source D:/Xilinx/Vivado/2018.3/common/technology/generic/autopilot/interface.gen 
Execute       source C:/Users/FLASHCOPIE/Desktop/Projet_sobel_lena/hls_lena/hls_lena/hls2/solution1/.autopilot/db/global.setting.tcl 
Execute       source D:/Xilinx/Vivado/2018.3/common/technology/xilinx/zynq/zynq.gen 
Execute         source D:/Xilinx/Vivado/2018.3/common/technology/xilinx/common/virtex.gen 
Execute           source D:/Xilinx/Vivado/2018.3/common/technology/xilinx/common/xilinx.gen 
Execute             source D:/Xilinx/Vivado/2018.3/common/technology/xilinx/interface/plb46.gen 
Execute             source D:/Xilinx/Vivado/2018.3/common/technology/xilinx/interface/fsl.gen 
Execute             source D:/Xilinx/Vivado/2018.3/common/technology/xilinx/interface/axi4.gen 
Execute             source D:/Xilinx/Vivado/2018.3/common/technology/xilinx/interface/nativeAXI4.gen 
Execute               source D:/Xilinx/Vivado/2018.3/common/technology/xilinx/interface/saxilite.gen 
Execute               source D:/Xilinx/Vivado/2018.3/common/technology/xilinx/interface/maxi.gen 
Execute             source D:/Xilinx/Vivado/2018.3/common/technology/xilinx/scripts/xilinxcoregen.gen 
Execute             source D:/Xilinx/Vivado/2018.3/common/technology/xilinx/interface/XilEDKCoreGen.gen 
Execute             source D:/Xilinx/Vivado/2018.3/common/technology/xilinx/ip/dds_compiler.gen 
Execute             source D:/Xilinx/Vivado/2018.3/common/technology/xilinx/ip/util.gen 
Execute             source D:/Xilinx/Vivado/2018.3/common/technology/xilinx/ip/xfft.gen 
Command             ap_source done; 0.201 sec.
Execute             source D:/Xilinx/Vivado/2018.3/common/technology/xilinx/ip/xfir.gen 
Command           ap_source done; 0.296 sec.
Execute           source D:/Xilinx/Vivado/2018.3/common/technology/xilinx/common/dsp48.gen 
Command         ap_source done; 0.301 sec.
Command       ap_source done; 0.302 sec.
Execute       source D:/Xilinx/Vivado/2018.3/common/technology/xilinx/zynq/zynq_fpv6.gen 
Execute         source D:/Xilinx/Vivado/2018.3/common/technology/xilinx/common/xilinx_fpv6.gen 
INFO-FLOW: DBG:CMD:       initCTypeInfo top_module=sobel xml_exists=0
Execute       source C:/Users/FLASHCOPIE/Desktop/Projet_sobel_lena/hls_lena/hls_lena/hls2/solution1/.autopilot/db/sobel.rtl_wrap.cfg.tcl 
Execute       source C:/Users/FLASHCOPIE/Desktop/Projet_sobel_lena/hls_lena/hls_lena/hls2/solution1/.autopilot/db/sobel.rtl_wrap.cfg.tcl 
Execute       source C:/Users/FLASHCOPIE/Desktop/Projet_sobel_lena/hls_lena/hls_lena/hls2/solution1/.autopilot/db/sobel.rtl_wrap.cfg.tcl 
Execute       source C:/Users/FLASHCOPIE/Desktop/Projet_sobel_lena/hls_lena/hls_lena/hls2/solution1/.autopilot/db/sobel.tbgen.tcl 
Execute       source C:/Users/FLASHCOPIE/Desktop/Projet_sobel_lena/hls_lena/hls_lena/hls2/solution1/.autopilot/db/sobel.tbgen.tcl 
INFO-FLOW: DBG:CMD:       export_impl_rtl
INFO-FLOW: DBG:CMD:       generate_ip_cores sim=0 export=0 expOnly=0 dstVlogDir=impl/.verilog
Execute       source C:/Users/FLASHCOPIE/Desktop/Projet_sobel_lena/hls_lena/hls_lena/hls2/solution1/.autopilot/db/global.setting.tcl 
Execute       source C:/Users/FLASHCOPIE/Desktop/Projet_sobel_lena/hls_lena/hls_lena/hls2/solution1/.autopilot/db/sobel.compgen.tcl 
Command       ap_source done; 0.251 sec.
INFO-FLOW: DBG:CMD:       generate_ip_cores sim=0 export=1 expOnly=1 dstVlogDir=impl/.pcores/verilog
Execute       source C:/Users/FLASHCOPIE/Desktop/Projet_sobel_lena/hls_lena/hls_lena/hls2/solution1/.autopilot/db/global.setting.tcl 
Execute       source C:/Users/FLASHCOPIE/Desktop/Projet_sobel_lena/hls_lena/hls_lena/hls2/solution1/.autopilot/db/sobel.compgen.tcl 
INFO-FLOW: DBG:CMD:       generate_ip_cores sim=0 export=0 expOnly=0 dstVlogDir=impl/.pcores/verilog_sim
Execute       source C:/Users/FLASHCOPIE/Desktop/Projet_sobel_lena/hls_lena/hls_lena/hls2/solution1/.autopilot/db/global.setting.tcl 
Execute       source C:/Users/FLASHCOPIE/Desktop/Projet_sobel_lena/hls_lena/hls_lena/hls2/solution1/.autopilot/db/sobel.compgen.tcl 
Execute       source C:/Users/FLASHCOPIE/Desktop/Projet_sobel_lena/hls_lena/hls_lena/hls2/solution1/.autopilot/db/global.setting.tcl 
Execute       source C:/Users/FLASHCOPIE/Desktop/Projet_sobel_lena/hls_lena/hls_lena/hls2/solution1/.autopilot/db/sobel.constraint.tcl 
Execute       source C:/Users/FLASHCOPIE/Desktop/Projet_sobel_lena/hls_lena/hls_lena/hls2/solution1/.autopilot/db/sobel.tbgen.tcl 
INFO-FLOW: DBG:CMD:       hasPcoreIpAdapter=false #gSsdmPorts=16
INFO-FLOW: DBG:CMD: Skipping loadAnalyze_DB, #g_database=8
INFO-FLOW: DBG:CMD:       generate_json is_phase_csynth=1 g_has_adaptors=false generate_bd_files=1 #modelList=7 #gSsdmPorts=16
Execute       source C:/Users/FLASHCOPIE/Desktop/Projet_sobel_lena/hls_lena/hls_lena/hls2/solution1/.autopilot/db/global.setting.tcl 
Execute       source C:/Users/FLASHCOPIE/Desktop/Projet_sobel_lena/hls_lena/hls_lena/hls2/solution1/.autopilot/db/global.setting.tcl 
Execute       source C:/Users/FLASHCOPIE/Desktop/Projet_sobel_lena/hls_lena/hls_lena/hls2/solution1/.autopilot/db/sobel.tbgen.tcl 
Execute       source C:/Users/FLASHCOPIE/Desktop/Projet_sobel_lena/hls_lena/hls_lena/hls2/solution1/.autopilot/db/sobel.tbgen.tcl 
Execute       source C:/Users/FLASHCOPIE/Desktop/Projet_sobel_lena/hls_lena/hls_lena/hls2/solution1/.autopilot/db/sobel.tbgen.tcl 
Execute       source C:/Users/FLASHCOPIE/Desktop/Projet_sobel_lena/hls_lena/hls_lena/hls2/solution1/.autopilot/db/sobel.tbgen.tcl 
Execute       source C:/Users/FLASHCOPIE/Desktop/Projet_sobel_lena/hls_lena/hls_lena/hls2/solution1/.autopilot/db/global.setting.tcl 
Execute       get_config_sdx -target 
Execute       get_config_export -xo 
Execute       source C:/Users/FLASHCOPIE/Desktop/Projet_sobel_lena/hls_lena/hls_lena/hls2/solution1/.autopilot/db/global.setting.tcl 
Execute       source C:/Users/FLASHCOPIE/Desktop/Projet_sobel_lena/hls_lena/hls_lena/hls2/solution1/.autopilot/db/sobel.constraint.tcl 
Execute       sc_get_clocks sobel 
Execute       source C:/Users/FLASHCOPIE/Desktop/Projet_sobel_lena/hls_lena/hls_lena/hls2/solution1/.autopilot/db/global.setting.tcl 
Execute       source C:/Users/FLASHCOPIE/Desktop/Projet_sobel_lena/hls_lena/hls_lena/hls2/solution1/impl/misc/sobel_ap_fsqrt_10_no_dsp_32_ip.tcl 
Execute       source C:/Users/FLASHCOPIE/Desktop/Projet_sobel_lena/hls_lena/hls_lena/hls2/solution1/impl/misc/sobel_ap_sitofp_4_no_dsp_32_ip.tcl 
Execute       get_config_sdx -target 
Execute       get_config_sdx -profile 
Execute       ::config_rtl 
INFO-FLOW: DBG:CMD: add_json_sdx_info kernel file does not exist: C:/Users/FLASHCOPIE/Desktop/Projet_sobel_lena/hls_lena/hls_lena/hls2/solution1/.autopilot/db/kernel.internal.xml
INFO-FLOW: DBG:CMD:       delete-temp-dirs (skipped for debug)
INFO: [HLS 200-111] Finished generating all RTL models Time (s): cpu = 00:00:09 ; elapsed = 00:00:36 . Memory (MB): peak = 257.145 ; gain = 171.680
INFO: [SYSC 207-301] Generating SystemC RTL for sobel.
INFO: [VHDL 208-304] Generating VHDL RTL for sobel.
INFO: [VLOG 209-307] Generating Verilog RTL for sobel.
Command     autosyn done; 8.741 sec.
Execute     get_part 
Execute     get_config_export -sdx_tcl 
Command   csynth_design done; 34.87 sec.
Command ap_source done; 35.518 sec.
Execute cleanup_all 
INFO-FLOW: Workspace C:/Users/FLASHCOPIE/Desktop/Projet_sobel_lena/hls_lena/hls_lena/hls2/solution1 opened at Fri May 31 10:17:28 +0200 2019
Execute     config_clock -quiet -name default -period 10 -default=false 
INFO: [SYN 201-201] Setting up clock 'default' with a period of 10ns.
Execute     config_clock -quiet -name default -uncertainty 1.25 
INFO: [SYN 201-201] Setting up clock 'default' with an uncertainty of 1.25ns.
Execute     open_platform DefaultPlatform 
Execute     import_lib D:/Xilinx/Vivado/2018.3/common/technology/xilinx/zynq/zynq 
Execute       source D:/Xilinx/Vivado/2018.3/common/technology/xilinx/common/xilinx.lib 
Execute         source D:/Xilinx/Vivado/2018.3/common/technology/xilinx/interface/xilinx_interface.lib 
Execute           source D:/Xilinx/Vivado/2018.3/common/technology/xilinx/interface/plb46.lib 
Execute           source D:/Xilinx/Vivado/2018.3/common/technology/xilinx/interface/fsl.lib 
Execute           source D:/Xilinx/Vivado/2018.3/common/technology/xilinx/interface/axi4.lib 
Execute           source D:/Xilinx/Vivado/2018.3/common/technology/xilinx/interface/maxi.lib 
Execute           source D:/Xilinx/Vivado/2018.3/common/technology/xilinx/interface/saxilite.lib 
Execute         source D:/Xilinx/Vivado/2018.3/common/technology/xilinx/common/dsp48.lib 
Execute         source D:/Xilinx/Vivado/2018.3/common/technology/xilinx/ip/dds_compiler.lib 
Execute         source D:/Xilinx/Vivado/2018.3/common/technology/xilinx/ip/xfft.lib 
Execute         source D:/Xilinx/Vivado/2018.3/common/technology/xilinx/ip/xfir.lib 
Execute       source D:/Xilinx/Vivado/2018.3/common/technology/xilinx/common/xilinx_old.lib 
Execute       source D:/Xilinx/Vivado/2018.3/common/technology/xilinx/common/xilinx_vivado.lib 
Execute       source D:/Xilinx/Vivado/2018.3/common/technology/xilinx/common/xilinx.hlp 
Execute         source D:/Xilinx/Vivado/2018.3/common/technology/xilinx/common/target_info.tcl 
Execute         source D:/Xilinx/Vivado/2018.3/common/technology/xilinx/interface/xilinx_interface.hlp 
Execute           source D:/Xilinx/Vivado/2018.3/common/technology/xilinx/interface/maxi.hlp 
Execute           source D:/Xilinx/Vivado/2018.3/common/technology/xilinx/interface/saxilite.hlp 
Execute         source D:/Xilinx/Vivado/2018.3/common/technology/xilinx/common/dsp48.hlp 
Execute       source D:/Xilinx/Vivado/2018.3/common/technology/xilinx/zynq/dsp48e1.hlp 
Execute       get_default_platform 
Execute       config_chip_info -quiet -resource  {SLICE 13300}  {LUT 53200}     {FF 106400} {DSP48E 220}   {BRAM 280}  
Execute       config_chip_info -quiet -speed medium 
Execute       source D:/Xilinx/Vivado/2018.3/common/technology/xilinx/common/xilinx.hlp 
Execute         source D:/Xilinx/Vivado/2018.3/common/technology/xilinx/common/target_info.tcl 
Execute         source D:/Xilinx/Vivado/2018.3/common/technology/xilinx/interface/xilinx_interface.hlp 
Execute           source D:/Xilinx/Vivado/2018.3/common/technology/xilinx/interface/maxi.hlp 
Execute           source D:/Xilinx/Vivado/2018.3/common/technology/xilinx/interface/saxilite.hlp 
Execute         source D:/Xilinx/Vivado/2018.3/common/technology/xilinx/common/dsp48.hlp 
Execute     source D:/Xilinx/Vivado/2018.3/common/technology/xilinx/zynq/zynq.gen 
Execute       source D:/Xilinx/Vivado/2018.3/common/technology/xilinx/common/virtex.gen 
Execute         source D:/Xilinx/Vivado/2018.3/common/technology/xilinx/common/xilinx.gen 
Execute           source D:/Xilinx/Vivado/2018.3/common/technology/xilinx/interface/plb46.gen 
Execute           source D:/Xilinx/Vivado/2018.3/common/technology/xilinx/interface/fsl.gen 
Execute           source D:/Xilinx/Vivado/2018.3/common/technology/xilinx/interface/axi4.gen 
Execute           source D:/Xilinx/Vivado/2018.3/common/technology/xilinx/interface/nativeAXI4.gen 
Execute             source D:/Xilinx/Vivado/2018.3/common/technology/xilinx/interface/saxilite.gen 
Execute             source D:/Xilinx/Vivado/2018.3/common/technology/xilinx/interface/maxi.gen 
Execute           source D:/Xilinx/Vivado/2018.3/common/technology/xilinx/scripts/xilinxcoregen.gen 
Execute           source D:/Xilinx/Vivado/2018.3/common/technology/xilinx/interface/XilEDKCoreGen.gen 
Execute           source D:/Xilinx/Vivado/2018.3/common/technology/xilinx/ip/dds_compiler.gen 
Execute           source D:/Xilinx/Vivado/2018.3/common/technology/xilinx/ip/util.gen 
Execute           source D:/Xilinx/Vivado/2018.3/common/technology/xilinx/ip/xfft.gen 
Command           ap_source done; 0.163 sec.
Execute           source D:/Xilinx/Vivado/2018.3/common/technology/xilinx/ip/xfir.gen 
Command         ap_source done; 0.234 sec.
Execute         source D:/Xilinx/Vivado/2018.3/common/technology/xilinx/common/dsp48.gen 
Command       ap_source done; 0.238 sec.
Command     ap_source done; 0.238 sec.
Execute     open_platform DefaultPlatform 
Execute     import_lib D:/Xilinx/Vivado/2018.3/common/technology/xilinx/zynq/zynq_fpv6 
Execute       source D:/Xilinx/Vivado/2018.3/common/technology/xilinx/common/xilinx_fpv7.lib 
Execute         source D:/Xilinx/Vivado/2018.3/common/technology/xilinx/common/xilinx_hp.lib 
Execute       source D:/Xilinx/Vivado/2018.3/common/technology/xilinx/common/xilinx_fpv.hlp 
Execute         source D:/Xilinx/Vivado/2018.3/common/technology/xilinx/common/xilinx.hlp 
Execute           source D:/Xilinx/Vivado/2018.3/common/technology/xilinx/common/target_info.tcl 
Execute           source D:/Xilinx/Vivado/2018.3/common/technology/xilinx/interface/xilinx_interface.hlp 
Execute             source D:/Xilinx/Vivado/2018.3/common/technology/xilinx/interface/maxi.hlp 
Execute             source D:/Xilinx/Vivado/2018.3/common/technology/xilinx/interface/saxilite.hlp 
Execute           source D:/Xilinx/Vivado/2018.3/common/technology/xilinx/common/dsp48.hlp 
Execute       source D:/Xilinx/Vivado/2018.3/common/technology/xilinx/zynq/zynq_hp.hlp 
Execute     source D:/Xilinx/Vivado/2018.3/common/technology/xilinx/zynq/zynq_fpv6.gen 
Execute       source D:/Xilinx/Vivado/2018.3/common/technology/xilinx/common/xilinx_fpv6.gen 
Execute     set_part xc7z020clg484-1 
Execute       add_library xilinx/zynq/zynq:xc7z020:clg484:-1 
Execute         get_default_platform 
Execute         license_isbetapart xc7z020 
Command         license_isbetapart done; error code: 1; 
Execute         get_default_platform 
Execute         config_chip_info -quiet -resource  {SLICE 13300}  {LUT 53200}     {FF 106400} {DSP48E 220}   {BRAM 280}  
Execute         config_chip_info -quiet -speed slow 
Execute       add_library xilinx/zynq/zynq_fpv6 
Execute         get_default_platform 
INFO: [HLS 200-10] Setting target device to 'xc7z020clg484-1'
Execute       get_default_platform 
Command     set_part done; 0.106 sec.
Execute     get_default_platform 
Execute     config_chip_info -quiet -resource  {SLICE 13300}  {LUT 53200}     {FF 106400} {DSP48E 220}   {BRAM 280}  
Execute     config_chip_info -quiet -speed slow 
Execute     config_export -format=ip_catalog 
Execute     config_export -rtl=vhdl 
Command   open_solution done; 0.481 sec.
Execute   export_design -flow impl -rtl vhdl -format ip_catalog 
Execute     get_config_export -acc 
Execute     get_config_export -clock_margin 
Execute     get_config_export -custom_script 
Execute     get_config_export -description 
Execute     get_config_export -display_name 
Execute     get_config_export -driver_input_dir 
Execute     get_config_export -ipname 
Execute     get_config_export -kernel_drc 
Execute     get_config_export -library 
Execute     get_config_export -qor_test 
Execute     get_config_export -sdaccel 
Execute     get_config_export -sim 
Execute     get_config_export -taxonomy 
Execute     get_config_export -use_ip 
Execute     get_config_export -use_netlist 
Execute     get_config_export -vendor 
Execute     get_config_export -version 
Execute     get_config_export -xo 
Execute     config_export -format=ip_catalog -rtl=vhdl 
INFO-FLOW: DBG:CMD: export_design_wrap: -format ip_catalog -flow impl -rtl vhdl
Execute     source C:/Users/FLASHCOPIE/Desktop/Projet_sobel_lena/hls_lena/hls_lena/hls2/solution1/.autopilot/db/global.setting.tcl 
Execute     get_config_export -vivado_clock 
Execute     get_top 
Execute     get_config_sdx -target 
Execute     get_config_rtl -auto_prefix 
Execute     get_config_sdx -target 
INFO-FLOW: DBG:CMD:   auto_impl: pack: -export -tool vivado -rtl vhdl -sdx-target none
Execute     source C:/Users/FLASHCOPIE/Desktop/Projet_sobel_lena/hls_lena/hls_lena/hls2/solution1/.autopilot/db/global.setting.tcl 
INFO-FLOW: DBG:CMD: read_platform_lib C:/Users/FLASHCOPIE/Desktop/Projet_sobel_lena/hls_lena/hls_lena/hls2/solution1/.autopilot/db/global.setting.tcl
Execute     source D:/Xilinx/Vivado/2018.3/common/technology/generic/autopilot/common.gen 
Execute       source D:/Xilinx/Vivado/2018.3/common/technology/generic/autopilot/APCoreGen.gen 
Execute     source D:/Xilinx/Vivado/2018.3/common/technology/generic/autopilot/op.gen 
Execute     source D:/Xilinx/Vivado/2018.3/common/technology/generic/autopilot/op_simcore.gen 
Execute     source D:/Xilinx/Vivado/2018.3/common/technology/generic/autopilot/interface.gen 
Execute     source C:/Users/FLASHCOPIE/Desktop/Projet_sobel_lena/hls_lena/hls_lena/hls2/solution1/.autopilot/db/global.setting.tcl 
Execute     source D:/Xilinx/Vivado/2018.3/common/technology/xilinx/zynq/zynq.gen 
Execute       source D:/Xilinx/Vivado/2018.3/common/technology/xilinx/common/virtex.gen 
Execute         source D:/Xilinx/Vivado/2018.3/common/technology/xilinx/common/xilinx.gen 
Execute           source D:/Xilinx/Vivado/2018.3/common/technology/xilinx/interface/plb46.gen 
Execute           source D:/Xilinx/Vivado/2018.3/common/technology/xilinx/interface/fsl.gen 
Execute           source D:/Xilinx/Vivado/2018.3/common/technology/xilinx/interface/axi4.gen 
Execute           source D:/Xilinx/Vivado/2018.3/common/technology/xilinx/interface/nativeAXI4.gen 
Execute             source D:/Xilinx/Vivado/2018.3/common/technology/xilinx/interface/saxilite.gen 
Execute             source D:/Xilinx/Vivado/2018.3/common/technology/xilinx/interface/maxi.gen 
Execute           source D:/Xilinx/Vivado/2018.3/common/technology/xilinx/scripts/xilinxcoregen.gen 
Execute           source D:/Xilinx/Vivado/2018.3/common/technology/xilinx/interface/XilEDKCoreGen.gen 
Execute           source D:/Xilinx/Vivado/2018.3/common/technology/xilinx/ip/dds_compiler.gen 
Execute           source D:/Xilinx/Vivado/2018.3/common/technology/xilinx/ip/util.gen 
Execute           source D:/Xilinx/Vivado/2018.3/common/technology/xilinx/ip/xfft.gen 
Command           ap_source done; 0.166 sec.
Execute           source D:/Xilinx/Vivado/2018.3/common/technology/xilinx/ip/xfir.gen 
Command         ap_source done; 0.233 sec.
Execute         source D:/Xilinx/Vivado/2018.3/common/technology/xilinx/common/dsp48.gen 
Command       ap_source done; 0.237 sec.
Command     ap_source done; 0.237 sec.
Execute     source D:/Xilinx/Vivado/2018.3/common/technology/xilinx/zynq/zynq_fpv6.gen 
Execute       source D:/Xilinx/Vivado/2018.3/common/technology/xilinx/common/xilinx_fpv6.gen 
INFO-FLOW: DBG:CMD:   using AESL_AUTOCG::g_clock_period=10.000 (was NA)
Execute     source C:/Users/FLASHCOPIE/Desktop/Projet_sobel_lena/hls_lena/hls_lena/hls2/solution1/.autopilot/db/global.setting.tcl 
INFO: [IMPL 213-8] Exporting RTL as a Vivado IP.
Execute     source C:/Users/FLASHCOPIE/Desktop/Projet_sobel_lena/hls_lena/hls_lena/hls2/solution1/.autopilot/db/global.setting.tcl 
INFO-FLOW: DBG:CMD: automg_wrap -export -pcore_version 1.00.a -rtl vhdl -sdx-target none -tool Vivado -impltomg_flag
INFO-FLOW: DBG:CMD:     auto_generate -export -pcore_version 1.00.a -rtl vhdl -sdx-target none -tool Vivado -impltomg_flag
Execute     source C:/Users/FLASHCOPIE/Desktop/Projet_sobel_lena/hls_lena/hls_lena/hls2/solution1/.autopilot/db/global.setting.tcl 
INFO-FLOW: DBG:CMD: read_platform_lib C:/Users/FLASHCOPIE/Desktop/Projet_sobel_lena/hls_lena/hls_lena/hls2/solution1/.autopilot/db/global.setting.tcl
Execute     source D:/Xilinx/Vivado/2018.3/common/technology/generic/autopilot/common.gen 
Execute       source D:/Xilinx/Vivado/2018.3/common/technology/generic/autopilot/APCoreGen.gen 
Execute     source D:/Xilinx/Vivado/2018.3/common/technology/generic/autopilot/op.gen 
Execute     source D:/Xilinx/Vivado/2018.3/common/technology/generic/autopilot/op_simcore.gen 
Execute     source D:/Xilinx/Vivado/2018.3/common/technology/generic/autopilot/interface.gen 
Execute     source C:/Users/FLASHCOPIE/Desktop/Projet_sobel_lena/hls_lena/hls_lena/hls2/solution1/.autopilot/db/global.setting.tcl 
Execute     source D:/Xilinx/Vivado/2018.3/common/technology/xilinx/zynq/zynq.gen 
Execute       source D:/Xilinx/Vivado/2018.3/common/technology/xilinx/common/virtex.gen 
Execute         source D:/Xilinx/Vivado/2018.3/common/technology/xilinx/common/xilinx.gen 
Execute           source D:/Xilinx/Vivado/2018.3/common/technology/xilinx/interface/plb46.gen 
Execute           source D:/Xilinx/Vivado/2018.3/common/technology/xilinx/interface/fsl.gen 
Execute           source D:/Xilinx/Vivado/2018.3/common/technology/xilinx/interface/axi4.gen 
Execute           source D:/Xilinx/Vivado/2018.3/common/technology/xilinx/interface/nativeAXI4.gen 
Execute             source D:/Xilinx/Vivado/2018.3/common/technology/xilinx/interface/saxilite.gen 
Execute             source D:/Xilinx/Vivado/2018.3/common/technology/xilinx/interface/maxi.gen 
Execute           source D:/Xilinx/Vivado/2018.3/common/technology/xilinx/scripts/xilinxcoregen.gen 
Execute           source D:/Xilinx/Vivado/2018.3/common/technology/xilinx/interface/XilEDKCoreGen.gen 
Execute           source D:/Xilinx/Vivado/2018.3/common/technology/xilinx/ip/dds_compiler.gen 
Execute           source D:/Xilinx/Vivado/2018.3/common/technology/xilinx/ip/util.gen 
Execute           source D:/Xilinx/Vivado/2018.3/common/technology/xilinx/ip/xfft.gen 
Command           ap_source done; 0.218 sec.
Execute           source D:/Xilinx/Vivado/2018.3/common/technology/xilinx/ip/xfir.gen 
Command         ap_source done; 0.278 sec.
Execute         source D:/Xilinx/Vivado/2018.3/common/technology/xilinx/common/dsp48.gen 
Command       ap_source done; 0.284 sec.
Command     ap_source done; 0.285 sec.
Execute     source D:/Xilinx/Vivado/2018.3/common/technology/xilinx/zynq/zynq_fpv6.gen 
Execute       source D:/Xilinx/Vivado/2018.3/common/technology/xilinx/common/xilinx_fpv6.gen 
INFO-FLOW: DBG:CMD:       initCTypeInfo top_module=sobel xml_exists=1
Execute     source C:/Users/FLASHCOPIE/Desktop/Projet_sobel_lena/hls_lena/hls_lena/hls2/solution1/.autopilot/db/sobel.rtl_wrap.cfg.tcl 
Execute     source C:/Users/FLASHCOPIE/Desktop/Projet_sobel_lena/hls_lena/hls_lena/hls2/solution1/.autopilot/db/sobel.rtl_wrap.cfg.tcl 
Execute     source C:/Users/FLASHCOPIE/Desktop/Projet_sobel_lena/hls_lena/hls_lena/hls2/solution1/.autopilot/db/sobel.rtl_wrap.cfg.tcl 
Execute     source C:/Users/FLASHCOPIE/Desktop/Projet_sobel_lena/hls_lena/hls_lena/hls2/solution1/.autopilot/db/sobel.tbgen.tcl 
Execute     source C:/Users/FLASHCOPIE/Desktop/Projet_sobel_lena/hls_lena/hls_lena/hls2/solution1/.autopilot/db/sobel.tbgen.tcl 
INFO-FLOW: DBG:CMD:       export_impl_rtl
INFO-FLOW: DBG:CMD:       generate_ip_cores sim=0 export=0 expOnly=0 dstVlogDir=impl/.verilog
Execute     source C:/Users/FLASHCOPIE/Desktop/Projet_sobel_lena/hls_lena/hls_lena/hls2/solution1/.autopilot/db/global.setting.tcl 
Execute     source C:/Users/FLASHCOPIE/Desktop/Projet_sobel_lena/hls_lena/hls_lena/hls2/solution1/.autopilot/db/sobel.compgen.tcl 
Command     ap_source done; 0.113 sec.
INFO-FLOW: DBG:CMD:       generate_ip_cores sim=0 export=1 expOnly=1 dstVlogDir=impl/.pcores/verilog
Execute     source C:/Users/FLASHCOPIE/Desktop/Projet_sobel_lena/hls_lena/hls_lena/hls2/solution1/.autopilot/db/global.setting.tcl 
Execute     source C:/Users/FLASHCOPIE/Desktop/Projet_sobel_lena/hls_lena/hls_lena/hls2/solution1/.autopilot/db/sobel.compgen.tcl 
INFO-FLOW: DBG:CMD:       generate_ip_cores sim=0 export=0 expOnly=0 dstVlogDir=impl/.pcores/verilog_sim
Execute     source C:/Users/FLASHCOPIE/Desktop/Projet_sobel_lena/hls_lena/hls_lena/hls2/solution1/.autopilot/db/global.setting.tcl 
Execute     source C:/Users/FLASHCOPIE/Desktop/Projet_sobel_lena/hls_lena/hls_lena/hls2/solution1/.autopilot/db/sobel.compgen.tcl 
Execute     source C:/Users/FLASHCOPIE/Desktop/Projet_sobel_lena/hls_lena/hls_lena/hls2/solution1/.autopilot/db/global.setting.tcl 
Execute     source C:/Users/FLASHCOPIE/Desktop/Projet_sobel_lena/hls_lena/hls_lena/hls2/solution1/.autopilot/db/sobel.constraint.tcl 
Execute     source C:/Users/FLASHCOPIE/Desktop/Projet_sobel_lena/hls_lena/hls_lena/hls2/solution1/.autopilot/db/sobel.tbgen.tcl 
INFO-FLOW: DBG:CMD:       hasPcoreIpAdapter=false #gSsdmPorts=16
INFO-FLOW: DBG:CMD:       copy ip_driver_dir 1_0 C:/Users/FLASHCOPIE/Desktop/Projet_sobel_lena/hls_lena/hls_lena/hls2/solution1/.autopilot/db/driver
INFO-FLOW: DBG:CMD:       generate_ip_script #gSsdmPorts=16
Execute     source C:/Users/FLASHCOPIE/Desktop/Projet_sobel_lena/hls_lena/hls_lena/hls2/solution1/.autopilot/db/sobel.tbgen.tcl 
Execute     source C:/Users/FLASHCOPIE/Desktop/Projet_sobel_lena/hls_lena/hls_lena/hls2/solution1/.autopilot/db/sobel.tbgen.tcl 
Execute     source C:/Users/FLASHCOPIE/Desktop/Projet_sobel_lena/hls_lena/hls_lena/hls2/solution1/.autopilot/db/sobel.tbgen.tcl 
Execute     source C:/Users/FLASHCOPIE/Desktop/Projet_sobel_lena/hls_lena/hls_lena/hls2/solution1/.autopilot/db/sobel.tbgen.tcl 
Execute     source C:/Users/FLASHCOPIE/Desktop/Projet_sobel_lena/hls_lena/hls_lena/hls2/solution1/.autopilot/db/global.setting.tcl 
Execute     get_config_sdx -target 
INFO-FLOW: DBG:CMD:       generate_ip_auxiliary
Execute     source C:/Users/FLASHCOPIE/Desktop/Projet_sobel_lena/hls_lena/hls_lena/hls2/solution1/.autopilot/db/global.setting.tcl 
INFO-FLOW: DBG:CMD:       prepArgInfo -> loadAnalyze_DB top_module=sobel
Execute     source C:/Users/FLASHCOPIE/Desktop/Projet_sobel_lena/hls_lena/hls_lena/hls2/solution1/.autopilot/db/sobel.rtl_wrap.cfg.tcl 
Execute     source C:/Users/FLASHCOPIE/Desktop/Projet_sobel_lena/hls_lena/hls_lena/hls2/solution1/.autopilot/db/sobel.rtl_wrap.cfg.tcl 
Execute     source C:/Users/FLASHCOPIE/Desktop/Projet_sobel_lena/hls_lena/hls_lena/hls2/solution1/.autopilot/db/sobel.rtl_wrap.cfg.tcl 
Execute     source C:/Users/FLASHCOPIE/Desktop/Projet_sobel_lena/hls_lena/hls_lena/hls2/solution1/.autopilot/db/sobel.tbgen.tcl 
Execute     source C:/Users/FLASHCOPIE/Desktop/Projet_sobel_lena/hls_lena/hls_lena/hls2/solution1/.autopilot/db/sobel.tbgen.tcl 
Execute     source C:/Users/FLASHCOPIE/Desktop/Projet_sobel_lena/hls_lena/hls_lena/hls2/solution1/.autopilot/db/sobel.tbgen.tcl 
INFO-FLOW: DBG:CMD:       generate_top_info
INFO-FLOW: DBG:CMD:       prepArgInfo -> loadAnalyze_DB top_module=sobel
Execute     source C:/Users/FLASHCOPIE/Desktop/Projet_sobel_lena/hls_lena/hls_lena/hls2/solution1/.autopilot/db/sobel.rtl_wrap.cfg.tcl 
Execute     source C:/Users/FLASHCOPIE/Desktop/Projet_sobel_lena/hls_lena/hls_lena/hls2/solution1/.autopilot/db/sobel.rtl_wrap.cfg.tcl 
Execute     source C:/Users/FLASHCOPIE/Desktop/Projet_sobel_lena/hls_lena/hls_lena/hls2/solution1/.autopilot/db/sobel.rtl_wrap.cfg.tcl 
Execute     source C:/Users/FLASHCOPIE/Desktop/Projet_sobel_lena/hls_lena/hls_lena/hls2/solution1/.autopilot/db/sobel.tbgen.tcl 
Execute     source C:/Users/FLASHCOPIE/Desktop/Projet_sobel_lena/hls_lena/hls_lena/hls2/solution1/.autopilot/db/sobel.tbgen.tcl 
Execute     source C:/Users/FLASHCOPIE/Desktop/Projet_sobel_lena/hls_lena/hls_lena/hls2/solution1/.autopilot/db/global.setting.tcl 
INFO-FLOW: DBG:CMD:       generate_ip_bd_script
Execute     source C:/Users/FLASHCOPIE/Desktop/Projet_sobel_lena/hls_lena/hls_lena/hls2/solution1/.autopilot/db/sobel.tbgen.tcl 
Execute     source C:/Users/FLASHCOPIE/Desktop/Projet_sobel_lena/hls_lena/hls_lena/hls2/solution1/.autopilot/db/global.setting.tcl 
Execute     source C:/Users/FLASHCOPIE/Desktop/Projet_sobel_lena/hls_lena/hls_lena/hls2/solution1/.autopilot/db/sobel.constraint.tcl 
INFO-FLOW: DBG:CMD:       generate_ipi_example_script
INFO-FLOW: DBG:CMD:       generate_syn_sh
Execute     source C:/Users/FLASHCOPIE/Desktop/Projet_sobel_lena/hls_lena/hls_lena/hls2/solution1/.autopilot/db/global.setting.tcl 
INFO-FLOW: DBG:CMD:       generate_imp_constraints
Execute     source C:/Users/FLASHCOPIE/Desktop/Projet_sobel_lena/hls_lena/hls_lena/hls2/solution1/.autopilot/db/sobel.constraint.tcl 
Execute     source C:/Users/FLASHCOPIE/Desktop/Projet_sobel_lena/hls_lena/hls_lena/hls2/solution1/.autopilot/db/sobel.tbgen.tcl 
INFO-FLOW: DBG:CMD:       copy-tb-rtl-files
INFO-FLOW: DBG:CMD:       copy-tb-data-files
INFO-FLOW: DBG:CMD:       delete-temp-dirs (skipped for debug)
INFO-FLOW: DBG:CMD: read_platform_lib C:/Users/FLASHCOPIE/Desktop/Projet_sobel_lena/hls_lena/hls_lena/hls2/solution1/.autopilot/db/global.setting.tcl
Execute     source D:/Xilinx/Vivado/2018.3/common/technology/generic/autopilot/common.gen 
Execute       source D:/Xilinx/Vivado/2018.3/common/technology/generic/autopilot/APCoreGen.gen 
Execute     source D:/Xilinx/Vivado/2018.3/common/technology/generic/autopilot/op.gen 
Execute     source D:/Xilinx/Vivado/2018.3/common/technology/generic/autopilot/op_simcore.gen 
Execute     source D:/Xilinx/Vivado/2018.3/common/technology/generic/autopilot/interface.gen 
Execute     source C:/Users/FLASHCOPIE/Desktop/Projet_sobel_lena/hls_lena/hls_lena/hls2/solution1/.autopilot/db/global.setting.tcl 
Execute     source D:/Xilinx/Vivado/2018.3/common/technology/xilinx/zynq/zynq.gen 
Execute       source D:/Xilinx/Vivado/2018.3/common/technology/xilinx/common/virtex.gen 
Execute         source D:/Xilinx/Vivado/2018.3/common/technology/xilinx/common/xilinx.gen 
Execute           source D:/Xilinx/Vivado/2018.3/common/technology/xilinx/interface/plb46.gen 
Execute           source D:/Xilinx/Vivado/2018.3/common/technology/xilinx/interface/fsl.gen 
Execute           source D:/Xilinx/Vivado/2018.3/common/technology/xilinx/interface/axi4.gen 
Execute           source D:/Xilinx/Vivado/2018.3/common/technology/xilinx/interface/nativeAXI4.gen 
Execute             source D:/Xilinx/Vivado/2018.3/common/technology/xilinx/interface/saxilite.gen 
Execute             source D:/Xilinx/Vivado/2018.3/common/technology/xilinx/interface/maxi.gen 
Execute           source D:/Xilinx/Vivado/2018.3/common/technology/xilinx/scripts/xilinxcoregen.gen 
Execute           source D:/Xilinx/Vivado/2018.3/common/technology/xilinx/interface/XilEDKCoreGen.gen 
Execute           source D:/Xilinx/Vivado/2018.3/common/technology/xilinx/ip/dds_compiler.gen 
Execute           source D:/Xilinx/Vivado/2018.3/common/technology/xilinx/ip/util.gen 
Execute           source D:/Xilinx/Vivado/2018.3/common/technology/xilinx/ip/xfft.gen 
Command           ap_source done; 0.397 sec.
Execute           source D:/Xilinx/Vivado/2018.3/common/technology/xilinx/ip/xfir.gen 
Command         ap_source done; 0.47 sec.
Execute         source D:/Xilinx/Vivado/2018.3/common/technology/xilinx/common/dsp48.gen 
Command       ap_source done; 0.477 sec.
Command     ap_source done; 0.478 sec.
Execute     source D:/Xilinx/Vivado/2018.3/common/technology/xilinx/zynq/zynq_fpv6.gen 
Execute       source D:/Xilinx/Vivado/2018.3/common/technology/xilinx/common/xilinx_fpv6.gen 
INFO-FLOW: DBG:CMD:     exec C:/Users/FLASHCOPIE/Desktop/Projet_sobel_lena/hls_lena/hls_lena/hls2/solution1/impl/ip/pack.bat
INFO-FLOW: DBG:CMD:   auto_impl: eval: -tool vivado -flow impl -rtl vhdl
Execute     source C:/Users/FLASHCOPIE/Desktop/Projet_sobel_lena/hls_lena/hls_lena/hls2/solution1/.autopilot/db/global.setting.tcl 
INFO-FLOW: DBG:CMD: read_platform_lib C:/Users/FLASHCOPIE/Desktop/Projet_sobel_lena/hls_lena/hls_lena/hls2/solution1/.autopilot/db/global.setting.tcl
Execute     source D:/Xilinx/Vivado/2018.3/common/technology/generic/autopilot/common.gen 
Execute       source D:/Xilinx/Vivado/2018.3/common/technology/generic/autopilot/APCoreGen.gen 
Execute     source D:/Xilinx/Vivado/2018.3/common/technology/generic/autopilot/op.gen 
Execute     source D:/Xilinx/Vivado/2018.3/common/technology/generic/autopilot/op_simcore.gen 
Execute     source D:/Xilinx/Vivado/2018.3/common/technology/generic/autopilot/interface.gen 
Execute     source C:/Users/FLASHCOPIE/Desktop/Projet_sobel_lena/hls_lena/hls_lena/hls2/solution1/.autopilot/db/global.setting.tcl 
Execute     source D:/Xilinx/Vivado/2018.3/common/technology/xilinx/zynq/zynq.gen 
Execute       source D:/Xilinx/Vivado/2018.3/common/technology/xilinx/common/virtex.gen 
Execute         source D:/Xilinx/Vivado/2018.3/common/technology/xilinx/common/xilinx.gen 
Execute           source D:/Xilinx/Vivado/2018.3/common/technology/xilinx/interface/plb46.gen 
Execute           source D:/Xilinx/Vivado/2018.3/common/technology/xilinx/interface/fsl.gen 
Execute           source D:/Xilinx/Vivado/2018.3/common/technology/xilinx/interface/axi4.gen 
Execute           source D:/Xilinx/Vivado/2018.3/common/technology/xilinx/interface/nativeAXI4.gen 
Execute             source D:/Xilinx/Vivado/2018.3/common/technology/xilinx/interface/saxilite.gen 
Execute             source D:/Xilinx/Vivado/2018.3/common/technology/xilinx/interface/maxi.gen 
Execute           source D:/Xilinx/Vivado/2018.3/common/technology/xilinx/scripts/xilinxcoregen.gen 
Execute           source D:/Xilinx/Vivado/2018.3/common/technology/xilinx/interface/XilEDKCoreGen.gen 
Execute           source D:/Xilinx/Vivado/2018.3/common/technology/xilinx/ip/dds_compiler.gen 
Execute           source D:/Xilinx/Vivado/2018.3/common/technology/xilinx/ip/util.gen 
Execute           source D:/Xilinx/Vivado/2018.3/common/technology/xilinx/ip/xfft.gen 
Command           ap_source done; 0.364 sec.
Execute           source D:/Xilinx/Vivado/2018.3/common/technology/xilinx/ip/xfir.gen 
Command         ap_source done; 0.544 sec.
Execute         source D:/Xilinx/Vivado/2018.3/common/technology/xilinx/common/dsp48.gen 
Command       ap_source done; 0.55 sec.
Command     ap_source done; 0.551 sec.
Execute     source D:/Xilinx/Vivado/2018.3/common/technology/xilinx/zynq/zynq_fpv6.gen 
Execute       source D:/Xilinx/Vivado/2018.3/common/technology/xilinx/common/xilinx_fpv6.gen 
Execute     source C:/Users/FLASHCOPIE/Desktop/Projet_sobel_lena/hls_lena/hls_lena/hls2/solution1/.autopilot/db/global.setting.tcl 
INFO: [IMPL 213-8] Starting RTL evaluation using Vivado ...
Execute     source C:/Users/FLASHCOPIE/Desktop/Projet_sobel_lena/hls_lena/hls_lena/hls2/solution1/.autopilot/db/global.setting.tcl 
INFO-FLOW: DBG:CMD: automg_wrap -rtl vhdl -tool Vivado -impltomg_flag
INFO-FLOW: DBG:CMD:     auto_generate -rtl vhdl -tool Vivado -impltomg_flag
Execute     source C:/Users/FLASHCOPIE/Desktop/Projet_sobel_lena/hls_lena/hls_lena/hls2/solution1/.autopilot/db/global.setting.tcl 
INFO-FLOW: DBG:CMD: read_platform_lib C:/Users/FLASHCOPIE/Desktop/Projet_sobel_lena/hls_lena/hls_lena/hls2/solution1/.autopilot/db/global.setting.tcl
Execute     source D:/Xilinx/Vivado/2018.3/common/technology/generic/autopilot/common.gen 
Execute       source D:/Xilinx/Vivado/2018.3/common/technology/generic/autopilot/APCoreGen.gen 
Execute     source D:/Xilinx/Vivado/2018.3/common/technology/generic/autopilot/op.gen 
Execute     source D:/Xilinx/Vivado/2018.3/common/technology/generic/autopilot/op_simcore.gen 
Execute     source D:/Xilinx/Vivado/2018.3/common/technology/generic/autopilot/interface.gen 
Execute     source C:/Users/FLASHCOPIE/Desktop/Projet_sobel_lena/hls_lena/hls_lena/hls2/solution1/.autopilot/db/global.setting.tcl 
Execute     source D:/Xilinx/Vivado/2018.3/common/technology/xilinx/zynq/zynq.gen 
Execute       source D:/Xilinx/Vivado/2018.3/common/technology/xilinx/common/virtex.gen 
Execute         source D:/Xilinx/Vivado/2018.3/common/technology/xilinx/common/xilinx.gen 
Execute           source D:/Xilinx/Vivado/2018.3/common/technology/xilinx/interface/plb46.gen 
Execute           source D:/Xilinx/Vivado/2018.3/common/technology/xilinx/interface/fsl.gen 
Execute           source D:/Xilinx/Vivado/2018.3/common/technology/xilinx/interface/axi4.gen 
Execute           source D:/Xilinx/Vivado/2018.3/common/technology/xilinx/interface/nativeAXI4.gen 
Execute             source D:/Xilinx/Vivado/2018.3/common/technology/xilinx/interface/saxilite.gen 
Execute             source D:/Xilinx/Vivado/2018.3/common/technology/xilinx/interface/maxi.gen 
Execute           source D:/Xilinx/Vivado/2018.3/common/technology/xilinx/scripts/xilinxcoregen.gen 
Execute           source D:/Xilinx/Vivado/2018.3/common/technology/xilinx/interface/XilEDKCoreGen.gen 
Execute           source D:/Xilinx/Vivado/2018.3/common/technology/xilinx/ip/dds_compiler.gen 
Execute           source D:/Xilinx/Vivado/2018.3/common/technology/xilinx/ip/util.gen 
Execute           source D:/Xilinx/Vivado/2018.3/common/technology/xilinx/ip/xfft.gen 
Command           ap_source done; 0.269 sec.
Execute           source D:/Xilinx/Vivado/2018.3/common/technology/xilinx/ip/xfir.gen 
Command         ap_source done; 0.389 sec.
Execute         source D:/Xilinx/Vivado/2018.3/common/technology/xilinx/common/dsp48.gen 
Command       ap_source done; 0.395 sec.
Command     ap_source done; 0.396 sec.
Execute     source D:/Xilinx/Vivado/2018.3/common/technology/xilinx/zynq/zynq_fpv6.gen 
Execute       source D:/Xilinx/Vivado/2018.3/common/technology/xilinx/common/xilinx_fpv6.gen 
INFO-FLOW: DBG:CMD:       generate_ip_cores sim=0 export=0 expOnly=0 dstVlogDir=impl/.verilog
Execute     source C:/Users/FLASHCOPIE/Desktop/Projet_sobel_lena/hls_lena/hls_lena/hls2/solution1/.autopilot/db/global.setting.tcl 
Execute     source C:/Users/FLASHCOPIE/Desktop/Projet_sobel_lena/hls_lena/hls_lena/hls2/solution1/.autopilot/db/sobel.compgen.tcl 
INFO-FLOW: DBG:CMD:       generate_syn_sh
Execute     source C:/Users/FLASHCOPIE/Desktop/Projet_sobel_lena/hls_lena/hls_lena/hls2/solution1/.autopilot/db/global.setting.tcl 
INFO-FLOW: DBG:CMD:       generate_imp_constraints
Execute     source C:/Users/FLASHCOPIE/Desktop/Projet_sobel_lena/hls_lena/hls_lena/hls2/solution1/.autopilot/db/sobel.constraint.tcl 
Execute     source C:/Users/FLASHCOPIE/Desktop/Projet_sobel_lena/hls_lena/hls_lena/hls2/solution1/.autopilot/db/sobel.tbgen.tcl 
INFO-FLOW: DBG:CMD:       copy-tb-rtl-files
INFO-FLOW: DBG:CMD:       copy-tb-data-files
INFO-FLOW: DBG:CMD:       delete-temp-dirs (skipped for debug)
INFO-FLOW: DBG:CMD: read_platform_lib C:/Users/FLASHCOPIE/Desktop/Projet_sobel_lena/hls_lena/hls_lena/hls2/solution1/.autopilot/db/global.setting.tcl
Execute     source D:/Xilinx/Vivado/2018.3/common/technology/generic/autopilot/common.gen 
Execute       source D:/Xilinx/Vivado/2018.3/common/technology/generic/autopilot/APCoreGen.gen 
Execute     source D:/Xilinx/Vivado/2018.3/common/technology/generic/autopilot/op.gen 
Execute     source D:/Xilinx/Vivado/2018.3/common/technology/generic/autopilot/op_simcore.gen 
Execute     source D:/Xilinx/Vivado/2018.3/common/technology/generic/autopilot/interface.gen 
Execute     source C:/Users/FLASHCOPIE/Desktop/Projet_sobel_lena/hls_lena/hls_lena/hls2/solution1/.autopilot/db/global.setting.tcl 
Execute     source D:/Xilinx/Vivado/2018.3/common/technology/xilinx/zynq/zynq.gen 
Execute       source D:/Xilinx/Vivado/2018.3/common/technology/xilinx/common/virtex.gen 
Execute         source D:/Xilinx/Vivado/2018.3/common/technology/xilinx/common/xilinx.gen 
Execute           source D:/Xilinx/Vivado/2018.3/common/technology/xilinx/interface/plb46.gen 
Execute           source D:/Xilinx/Vivado/2018.3/common/technology/xilinx/interface/fsl.gen 
Execute           source D:/Xilinx/Vivado/2018.3/common/technology/xilinx/interface/axi4.gen 
Execute           source D:/Xilinx/Vivado/2018.3/common/technology/xilinx/interface/nativeAXI4.gen 
Execute             source D:/Xilinx/Vivado/2018.3/common/technology/xilinx/interface/saxilite.gen 
Execute             source D:/Xilinx/Vivado/2018.3/common/technology/xilinx/interface/maxi.gen 
Execute           source D:/Xilinx/Vivado/2018.3/common/technology/xilinx/scripts/xilinxcoregen.gen 
Execute           source D:/Xilinx/Vivado/2018.3/common/technology/xilinx/interface/XilEDKCoreGen.gen 
Execute           source D:/Xilinx/Vivado/2018.3/common/technology/xilinx/ip/dds_compiler.gen 
Execute           source D:/Xilinx/Vivado/2018.3/common/technology/xilinx/ip/util.gen 
Execute           source D:/Xilinx/Vivado/2018.3/common/technology/xilinx/ip/xfft.gen 
Command           ap_source done; 0.253 sec.
Execute           source D:/Xilinx/Vivado/2018.3/common/technology/xilinx/ip/xfir.gen 
Command         ap_source done; 0.324 sec.
Execute         source D:/Xilinx/Vivado/2018.3/common/technology/xilinx/common/dsp48.gen 
Command       ap_source done; 0.331 sec.
Command     ap_source done; 0.331 sec.
Execute     source D:/Xilinx/Vivado/2018.3/common/technology/xilinx/zynq/zynq_fpv6.gen 
Execute       source D:/Xilinx/Vivado/2018.3/common/technology/xilinx/common/xilinx_fpv6.gen 
Execute     get_config_export -vivado_report_level 
Execute     get_config_export -vivado_ip_cache 
Execute     get_config_export -vivado_enable_slr_assignment 
Execute     get_config_export -vivado_bd_cell_properties 
Execute     get_config_export -vivado_synth_design_args 
Execute     source C:/Users/FLASHCOPIE/Desktop/Projet_sobel_lena/hls_lena/hls_lena/hls2/solution1/.autopilot/db/global.setting.tcl 
Execute     get_config_export -vivado_synth_strategy 
Execute     get_config_export -vivado_synth_run_properties 
Execute     get_config_export -vivado_impl_run_properties 
Execute     get_config_export -vivado_enable_pblock 
Execute     get_config_export -vivado_impl_strategy 
Execute     get_config_export -vivado_phys_opt 
INFO-FLOW: DBG:CMD: auto_impl: vhdl exec C:/Users/FLASHCOPIE/Desktop/Projet_sobel_lena/hls_lena/hls_lena/hls2/solution1/impl/vhdl/impl.bat
Command   export_design done; 445.945 sec.
Command ap_source done; 446.438 sec.
Execute cleanup_all 
